[2026-04-20T03:49:36Z] [INFO] [SYSTEM] [EVT_1776656976_00e5c8cc] Logger initialized
[2026-04-20T03:49:36Z] [INFO] [SYSTEM] [EVT_1776656976_3c6cb5ca] Server started
[2026-04-20T03:49:44Z] [INFO] [SYSTEM] [EVT_1776656984_5e8352db] Dashboard accessed | IP: ::1
[2026-04-20T03:49:44Z] [INFO] [SYSTEM] [EVT_1776656984_16b2cb3d] GET / 200 25.1947ms 47470B | IP: ::1
[2026-04-20T03:49:44Z] [INFO] [SYSTEM] [EVT_1776656984_191f4b39] GET /api/v1/stats 200 1.6859ms 617B | IP: ::1
[2026-04-20T03:49:44Z] [INFO] [SYSTEM] [EVT_1776656984_86d5581c] GET /api/v1/queue/stats 200 0s 358B | IP: ::1
[2026-04-20T03:49:44Z] [INFO] [SYSTEM] [EVT_1776656984_17bcbe5e] GET /api/v1/agents 200 0s 49B | IP: ::1
[2026-04-20T03:49:44Z] [WARN] [AUDIT] [EVT_1776656984_b609f7e3] GET /favicon.ico 404 0s -1B | IP: ::1
[2026-04-20T03:49:55Z] [INFO] [SYSTEM] [EVT_1776656995_fef51aff] GET /api/v1/stats 200 379.5µs 636B | IP: ::1
[2026-04-20T03:49:55Z] [INFO] [SYSTEM] [EVT_1776656995_6cdde314] GET /api/v1/queue/stats 200 0s 358B | IP: ::1
[2026-04-20T03:50:00Z] [INFO] [SYSTEM] [EVT_1776657000_a3c8c5be] GET /api/v1/agents 200 0s 49B | IP: ::1
[2026-04-20T03:50:05Z] [INFO] [SYSTEM] [EVT_1776657005_d28a21d1] GET /api/v1/stats 200 0s 640B | IP: ::1
[2026-04-20T03:50:05Z] [INFO] [SYSTEM] [EVT_1776657005_9f3b3011] GET /api/v1/queue/stats 200 0s 358B | IP: ::1
[2026-04-20T03:50:15Z] [INFO] [SYSTEM] [EVT_1776657015_da329915] GET /api/v1/stats 200 0s 640B | IP: ::1
[2026-04-20T03:50:15Z] [INFO] [SYSTEM] [EVT_1776657015_748aea6b] GET /api/v1/queue/stats 200 523.9µs 358B | IP: ::1
[2026-04-20T03:50:15Z] [INFO] [SYSTEM] [EVT_1776657015_605ee892] GET /api/v1/agents 200 0s 49B | IP: ::1
[2026-04-20T03:50:25Z] [INFO] [SYSTEM] [EVT_1776657025_4698d856] GET /api/v1/stats 200 0s 639B | IP: ::1
[2026-04-20T03:50:25Z] [INFO] [SYSTEM] [EVT_1776657025_e41138ec] GET /api/v1/queue/stats 200 637.7µs 358B | IP: ::1
[2026-04-20T03:50:30Z] [INFO] [SYSTEM] [EVT_1776657030_78b1aa81] GET /api/v1/agents 200 623.8µs 49B | IP: ::1
[2026-04-20T03:50:35Z] [INFO] [SYSTEM] [EVT_1776657035_25ec4362] GET /api/v1/stats 200 0s 640B | IP: ::1
[2026-04-20T03:50:35Z] [INFO] [SYSTEM] [EVT_1776657035_d0ac0f2a] GET /api/v1/queue/stats 200 1.8601ms 358B | IP: ::1
[2026-04-20T03:50:45Z] [INFO] [SYSTEM] [EVT_1776657045_6c3adbba] GET /api/v1/stats 200 0s 641B | IP: ::1
[2026-04-20T03:50:45Z] [INFO] [SYSTEM] [EVT_1776657045_f2095ad0] GET /api/v1/queue/stats 200 0s 358B | IP: ::1
[2026-04-20T03:50:45Z] [INFO] [SYSTEM] [EVT_1776657045_99652da8] GET /api/v1/agents 200 0s 49B | IP: ::1
[2026-04-20T03:51:00Z] [INFO] [SYSTEM] [EVT_1776657060_80f7a32e] GET /api/v1/agents 200 0s 49B | IP: ::1
[2026-04-20T03:51:13Z] [INFO] [SYSTEM] [EVT_1776657073_61232387] GET /api/v1/stats 200 0s 642B | IP: ::1
[2026-04-20T03:51:13Z] [INFO] [SYSTEM] [EVT_1776657073_74cc1cb3] GET /api/v1/queue/stats 200 0s 358B | IP: ::1
[2026-04-20T03:51:15Z] [INFO] [SYSTEM] [EVT_1776657075_214c93cc] GET /api/v1/agents 200 0s 49B | IP: ::1
[2026-04-20T03:52:13Z] [INFO] [SYSTEM] [EVT_1776657133_6e28da3a] GET /api/v1/stats 200 0s 642B | IP: ::1
[2026-04-20T03:52:13Z] [INFO] [SYSTEM] [EVT_1776657133_411ce1b2] GET /api/v1/queue/stats 200 0s 358B | IP: ::1
[2026-04-20T03:52:13Z] [INFO] [SYSTEM] [EVT_1776657133_8204eb76] GET /api/v1/agents 200 0s 49B | IP: ::1
[2026-04-20T03:53:13Z] [INFO] [SYSTEM] [EVT_1776657193_26d9fc1b] GET /api/v1/stats 200 1.1701ms 642B | IP: ::1
[2026-04-20T03:53:13Z] [INFO] [SYSTEM] [EVT_1776657193_964fc2de] GET /api/v1/queue/stats 200 0s 358B | IP: ::1
[2026-04-20T03:53:13Z] [INFO] [SYSTEM] [EVT_1776657193_568a9e85] GET /api/v1/agents 200 1.2772ms 49B | IP: ::1
[2026-04-20T03:54:13Z] [INFO] [SYSTEM] [EVT_1776657253_9d6da898] GET /api/v1/queue/stats 200 0s 358B | IP: ::1
[2026-04-20T03:54:13Z] [INFO] [SYSTEM] [EVT_1776657253_bb7e46ca] GET /api/v1/stats 200 3.8974ms 642B | IP: ::1
[2026-04-20T03:54:13Z] [INFO] [SYSTEM] [EVT_1776657253_3ee408e0] GET /api/v1/agents 200 510.9µs 49B | IP: ::1
[2026-04-20T03:55:13Z] [INFO] [SYSTEM] [EVT_1776657313_a1861140] GET /api/v1/stats 200 0s 641B | IP: ::1
[2026-04-20T03:55:13Z] [INFO] [SYSTEM] [EVT_1776657313_70c41261] GET /api/v1/queue/stats 200 0s 358B | IP: ::1
[2026-04-20T03:55:13Z] [INFO] [SYSTEM] [EVT_1776657313_c11e050c] GET /api/v1/agents 200 0s 49B | IP: ::1
[2026-04-20T03:56:13Z] [INFO] [SYSTEM] [EVT_1776657373_b1907e0e] GET /api/v1/stats 200 0s 642B | IP: ::1
[2026-04-20T03:56:13Z] [INFO] [SYSTEM] [EVT_1776657373_d897f05e] GET /api/v1/queue/stats 200 0s 358B | IP: ::1
[2026-04-20T03:56:13Z] [INFO] [SYSTEM] [EVT_1776657373_fa0e76c9] GET /api/v1/agents 200 0s 49B | IP: ::1
[2026-04-20T03:57:13Z] [INFO] [SYSTEM] [EVT_1776657433_c84a95de] GET /api/v1/stats 200 0s 642B | IP: ::1
[2026-04-20T03:57:13Z] [INFO] [SYSTEM] [EVT_1776657433_98c1f6b1] GET /api/v1/queue/stats 200 0s 358B | IP: ::1
[2026-04-20T03:57:13Z] [INFO] [SYSTEM] [EVT_1776657433_2faa610d] GET /api/v1/agents 200 0s 49B | IP: ::1
[2026-04-20T03:58:13Z] [INFO] [SYSTEM] [EVT_1776657493_2bf6c482] GET /api/v1/stats 200 2.0205ms 641B | IP: ::1
[2026-04-20T03:58:13Z] [INFO] [SYSTEM] [EVT_1776657493_541517a9] GET /api/v1/queue/stats 200 536.4µs 358B | IP: ::1
[2026-04-20T03:58:13Z] [INFO] [SYSTEM] [EVT_1776657493_1ffc5f17] GET /api/v1/agents 200 0s 49B | IP: ::1
[2026-04-20T03:59:13Z] [INFO] [SYSTEM] [EVT_1776657553_0736730a] GET /api/v1/stats 200 5.8955ms 642B | IP: ::1
[2026-04-20T03:59:13Z] [INFO] [SYSTEM] [EVT_1776657553_8f1152bf] GET /api/v1/queue/stats 200 1.7161ms 358B | IP: ::1
[2026-04-20T03:59:13Z] [INFO] [SYSTEM] [EVT_1776657553_8852c408] GET /api/v1/agents 200 520.5µs 49B | IP: ::1
[2026-04-20T04:00:13Z] [INFO] [SYSTEM] [EVT_1776657613_bac2bde9] GET /api/v1/stats 200 0s 643B | IP: ::1
[2026-04-20T04:00:13Z] [INFO] [SYSTEM] [EVT_1776657613_88ff9d9c] GET /api/v1/queue/stats 200 0s 358B | IP: ::1
[2026-04-20T04:00:13Z] [INFO] [SYSTEM] [EVT_1776657613_1689e7c7] GET /api/v1/agents 200 0s 49B | IP: ::1
[2026-04-20T04:01:13Z] [INFO] [SYSTEM] [EVT_1776657673_53ce640e] GET /api/v1/stats 200 508.3µs 643B | IP: ::1
[2026-04-20T04:01:13Z] [INFO] [SYSTEM] [EVT_1776657673_8f58df6d] GET /api/v1/queue/stats 200 0s 358B | IP: ::1
[2026-04-20T04:01:13Z] [INFO] [SYSTEM] [EVT_1776657673_51be444a] GET /api/v1/agents 200 0s 49B | IP: ::1
[2026-04-20T04:02:13Z] [INFO] [SYSTEM] [EVT_1776657733_add791f4] GET /api/v1/stats 200 0s 643B | IP: ::1
[2026-04-20T04:02:13Z] [INFO] [SYSTEM] [EVT_1776657733_1861cbad] GET /api/v1/queue/stats 200 0s 358B | IP: ::1
[2026-04-20T04:02:13Z] [INFO] [SYSTEM] [EVT_1776657733_c544661f] GET /api/v1/agents 200 0s 49B | IP: ::1
[2026-04-20T04:03:13Z] [INFO] [SYSTEM] [EVT_1776657793_b2ebc5b3] GET /api/v1/stats 200 0s 643B | IP: ::1
[2026-04-20T04:03:13Z] [INFO] [SYSTEM] [EVT_1776657793_10b0eb52] GET /api/v1/queue/stats 200 0s 358B | IP: ::1
[2026-04-20T04:03:13Z] [INFO] [SYSTEM] [EVT_1776657793_facc8373] GET /api/v1/agents 200 0s 49B | IP: ::1
[2026-04-20T04:04:13Z] [INFO] [SYSTEM] [EVT_1776657853_2f7ea98d] GET /api/v1/stats 200 0s 643B | IP: ::1
[2026-04-20T04:04:13Z] [INFO] [SYSTEM] [EVT_1776657853_00dcc18d] GET /api/v1/queue/stats 200 0s 358B | IP: ::1
[2026-04-20T04:04:13Z] [INFO] [SYSTEM] [EVT_1776657853_d5ef8fa3] GET /api/v1/agents 200 0s 49B | IP: ::1
[2026-04-20T04:05:13Z] [INFO] [SYSTEM] [EVT_1776657913_dce0279c] GET /api/v1/stats 200 0s 643B | IP: ::1
[2026-04-20T04:05:13Z] [INFO] [SYSTEM] [EVT_1776657913_f08e85e9] GET /api/v1/queue/stats 200 0s 358B | IP: ::1
[2026-04-20T04:05:13Z] [INFO] [SYSTEM] [EVT_1776657913_a950a6c8] GET /api/v1/agents 200 0s 49B | IP: ::1
[2026-04-20T04:06:13Z] [INFO] [SYSTEM] [EVT_1776657973_96390f7e] GET /api/v1/stats 200 0s 643B | IP: ::1
[2026-04-20T04:06:13Z] [INFO] [SYSTEM] [EVT_1776657973_f398d0e5] GET /api/v1/queue/stats 200 0s 358B | IP: ::1
[2026-04-20T04:06:13Z] [INFO] [SYSTEM] [EVT_1776657973_dc30c2e6] GET /api/v1/agents 200 0s 49B | IP: ::1
[2026-04-20T04:07:13Z] [INFO] [SYSTEM] [EVT_1776658033_179a4425] GET /api/v1/stats 200 1.8128ms 643B | IP: ::1
[2026-04-20T04:07:13Z] [INFO] [SYSTEM] [EVT_1776658033_7d66df4c] GET /api/v1/queue/stats 200 0s 358B | IP: ::1
[2026-04-20T04:07:13Z] [INFO] [SYSTEM] [EVT_1776658033_6718dce7] GET /api/v1/agents 200 0s 49B | IP: ::1
[2026-04-20T04:08:13Z] [INFO] [SYSTEM] [EVT_1776658093_1de15082] GET /api/v1/stats 200 0s 643B | IP: ::1
[2026-04-20T04:08:13Z] [INFO] [SYSTEM] [EVT_1776658093_0b86e722] GET /api/v1/queue/stats 200 536.2µs 358B | IP: ::1
[2026-04-20T04:08:13Z] [INFO] [SYSTEM] [EVT_1776658093_1e050464] GET /api/v1/agents 200 0s 49B | IP: ::1
[2026-04-20T04:09:13Z] [INFO] [SYSTEM] [EVT_1776658153_27d3f384] GET /api/v1/stats 200 608.4µs 643B | IP: ::1
[2026-04-20T04:09:13Z] [INFO] [SYSTEM] [EVT_1776658153_16d6cc9f] GET /api/v1/queue/stats 200 0s 358B | IP: ::1
[2026-04-20T04:09:13Z] [INFO] [SYSTEM] [EVT_1776658153_eb893858] GET /api/v1/agents 200 0s 49B | IP: ::1
[2026-04-20T04:10:13Z] [INFO] [SYSTEM] [EVT_1776658213_d309d333] GET /api/v1/stats 200 0s 643B | IP: ::1
[2026-04-20T04:10:13Z] [INFO] [SYSTEM] [EVT_1776658213_ff8e5012] GET /api/v1/queue/stats 200 0s 358B | IP: ::1
[2026-04-20T04:10:13Z] [INFO] [SYSTEM] [EVT_1776658213_ef85994c] GET /api/v1/agents 200 0s 49B | IP: ::1
[2026-04-20T04:10:26Z] [INFO] [SYSTEM] [EVT_1776658226_aec25713] Logger initialised
[2026-04-20T04:10:26Z] [INFO] [SYSTEM] [EVT_1776658226_3ebe9239] Server started
[2026-04-20T04:10:29Z] [INFO] [SYSTEM] [EVT_1776658229_e32bcefa] Logger initialised
[2026-04-20T04:10:29Z] [INFO] [SYSTEM] [EVT_1776658229_f5605e99] Server started
[2026-04-20T04:10:39Z] [INFO] [SYSTEM] [EVT_1776658239_97d681ab] Logger initialised
[2026-04-20T04:10:39Z] [INFO] [SYSTEM] [EVT_1776658239_3255536a] Server started
[2026-04-20T04:10:45Z] [INFO] [SYSTEM] [EVT_1776658245_3c56e247] GET /api/v1/stats 200 505.8µs 616B | IP: ::1
[2026-04-20T04:10:45Z] [INFO] [SYSTEM] [EVT_1776658245_642642d0] GET /api/v1/queue/stats 200 0s 150B | IP: ::1
[2026-04-20T04:10:45Z] [INFO] [SYSTEM] [EVT_1776658245_8b396d5c] GET /api/v1/agents 200 0s 49B | IP: ::1
[2026-04-20T04:10:45Z] [INFO] [SYSTEM] [EVT_1776658245_bb8967ec] Dashboard accessed | IP: ::1
[2026-04-20T04:10:45Z] [INFO] [SYSTEM] [EVT_1776658245_76b6f293] GET / 200 5.1585ms 47470B | IP: ::1
[2026-04-20T04:10:45Z] [INFO] [SYSTEM] [EVT_1776658245_2cd400ff] GET /api/v1/stats 200 0s 617B | IP: ::1
[2026-04-20T04:10:45Z] [INFO] [SYSTEM] [EVT_1776658245_346c72b8] GET /api/v1/queue/stats 200 0s 150B | IP: ::1
[2026-04-20T04:10:45Z] [INFO] [SYSTEM] [EVT_1776658245_7334b7f2] GET /api/v1/agents 200 0s 49B | IP: ::1
[2026-04-20T04:10:56Z] [INFO] [SYSTEM] [EVT_1776658256_8cec3979] GET /api/v1/stats 200 0s 621B | IP: ::1
[2026-04-20T04:10:56Z] [INFO] [SYSTEM] [EVT_1776658256_b755acbd] GET /api/v1/queue/stats 200 0s 150B | IP: ::1
[2026-04-20T04:11:01Z] [INFO] [SYSTEM] [EVT_1776658261_90626352] GET /api/v1/agents 200 0s 49B | IP: ::1
[2026-04-20T04:11:06Z] [INFO] [SYSTEM] [EVT_1776658266_974c6d7d] GET /api/v1/stats 200 0s 621B | IP: ::1
[2026-04-20T04:11:06Z] [INFO] [SYSTEM] [EVT_1776658266_38e20ab1] GET /api/v1/queue/stats 200 0s 150B | IP: ::1
[2026-04-20T04:11:16Z] [INFO] [SYSTEM] [EVT_1776658276_f0c8ef21] GET /api/v1/stats 200 0s 620B | IP: ::1
[2026-04-20T04:11:16Z] [INFO] [SYSTEM] [EVT_1776658276_167173f4] GET /api/v1/queue/stats 200 0s 150B | IP: ::1
[2026-04-20T04:11:16Z] [INFO] [SYSTEM] [EVT_1776658276_430b68d3] GET /api/v1/agents 200 0s 49B | IP: ::1
[2026-04-20T04:11:26Z] [INFO] [SYSTEM] [EVT_1776658286_402cea0e] GET /api/v1/stats 200 938.2µs 621B | IP: ::1
[2026-04-20T04:11:26Z] [INFO] [SYSTEM] [EVT_1776658286_b0fd2c96] GET /api/v1/queue/stats 200 1.351ms 150B | IP: ::1
[2026-04-20T04:11:31Z] [INFO] [SYSTEM] [EVT_1776658291_76e3a7ca] GET /api/v1/agents 200 0s 49B | IP: ::1
[2026-04-20T04:11:36Z] [INFO] [SYSTEM] [EVT_1776658296_79694831] GET /api/v1/stats 200 0s 621B | IP: ::1
[2026-04-20T04:11:36Z] [INFO] [SYSTEM] [EVT_1776658296_7594098d] GET /api/v1/queue/stats 200 0s 150B | IP: ::1
[2026-04-20T04:11:46Z] [INFO] [SYSTEM] [EVT_1776658306_2efd698d] GET /api/v1/stats 200 0s 622B | IP: ::1
[2026-04-20T04:11:46Z] [INFO] [SYSTEM] [EVT_1776658306_08eadbcf] GET /api/v1/queue/stats 200 0s 150B | IP: ::1
[2026-04-20T04:11:46Z] [INFO] [SYSTEM] [EVT_1776658306_80cd813c] GET /api/v1/agents 200 0s 49B | IP: ::1
[2026-04-20T04:12:01Z] [INFO] [SYSTEM] [EVT_1776658321_a98c3107] GET /api/v1/agents 200 0s 49B | IP: ::1
[2026-04-20T04:12:13Z] [INFO] [SYSTEM] [EVT_1776658333_018c46b9] GET /api/v1/stats 200 0s 623B | IP: ::1
[2026-04-20T04:12:13Z] [INFO] [SYSTEM] [EVT_1776658333_ac1196c7] GET /api/v1/queue/stats 200 0s 150B | IP: ::1
[2026-04-20T04:12:16Z] [INFO] [SYSTEM] [EVT_1776658336_95f0bf87] GET /api/v1/agents 200 698.1µs 49B | IP: ::1
[2026-04-20T04:13:13Z] [INFO] [SYSTEM] [EVT_1776658393_bf51e1de] GET /api/v1/stats 200 505.9µs 623B | IP: ::1
[2026-04-20T04:13:13Z] [INFO] [SYSTEM] [EVT_1776658393_b6d06ae6] GET /api/v1/queue/stats 200 0s 150B | IP: ::1
[2026-04-20T04:13:13Z] [INFO] [SYSTEM] [EVT_1776658393_67d7d688] GET /api/v1/agents 200 0s 49B | IP: ::1
[2026-04-20T04:14:13Z] [INFO] [SYSTEM] [EVT_1776658453_e7c46665] GET /api/v1/stats 200 839.5µs 623B | IP: ::1
[2026-04-20T04:14:13Z] [INFO] [SYSTEM] [EVT_1776658453_0bcd0afe] GET /api/v1/queue/stats 200 0s 150B | IP: ::1
[2026-04-20T04:14:13Z] [INFO] [SYSTEM] [EVT_1776658453_05e3e6f3] GET /api/v1/agents 200 0s 49B | IP: ::1
[2026-04-20T04:15:13Z] [INFO] [SYSTEM] [EVT_1776658513_b40d2a0b] GET /api/v1/stats 200 0s 623B | IP: ::1
[2026-04-20T04:15:13Z] [INFO] [SYSTEM] [EVT_1776658513_fb852dab] GET /api/v1/queue/stats 200 0s 150B | IP: ::1
[2026-04-20T04:15:13Z] [INFO] [SYSTEM] [EVT_1776658513_3677c834] GET /api/v1/agents 200 1.7186ms 49B | IP: ::1
[2026-04-20T04:16:13Z] [INFO] [SYSTEM] [EVT_1776658573_0a46755f] GET /api/v1/stats 200 0s 623B | IP: ::1
[2026-04-20T04:16:13Z] [INFO] [SYSTEM] [EVT_1776658573_37170806] GET /api/v1/queue/stats 200 0s 150B | IP: ::1
[2026-04-20T04:16:13Z] [INFO] [SYSTEM] [EVT_1776658573_17afb3cd] GET /api/v1/agents 200 0s 49B | IP: ::1
[2026-04-20T04:17:13Z] [INFO] [SYSTEM] [EVT_1776658633_f6f3b9d9] GET /api/v1/stats 200 0s 623B | IP: ::1
[2026-04-20T04:17:13Z] [INFO] [SYSTEM] [EVT_1776658633_64aeb02e] GET /api/v1/queue/stats 200 819.8µs 150B | IP: ::1
[2026-04-20T04:17:13Z] [INFO] [SYSTEM] [EVT_1776658633_480b91a6] GET /api/v1/agents 200 0s 49B | IP: ::1
[2026-04-20T04:18:13Z] [INFO] [SYSTEM] [EVT_1776658693_473e2ca2] GET /api/v1/stats 200 514.8µs 623B | IP: ::1
[2026-04-20T04:18:13Z] [INFO] [SYSTEM] [EVT_1776658693_ee57462a] GET /api/v1/queue/stats 200 0s 150B | IP: ::1
[2026-04-20T04:18:13Z] [INFO] [SYSTEM] [EVT_1776658693_d8a85b2f] GET /api/v1/agents 200 0s 49B | IP: ::1
[2026-04-20T04:19:13Z] [INFO] [SYSTEM] [EVT_1776658753_9db79d04] GET /api/v1/stats 200 0s 622B | IP: ::1
[2026-04-20T04:19:13Z] [INFO] [SYSTEM] [EVT_1776658753_fd811928] GET /api/v1/queue/stats 200 0s 150B | IP: ::1
[2026-04-20T04:19:13Z] [INFO] [SYSTEM] [EVT_1776658753_d620954d] GET /api/v1/agents 200 0s 49B | IP: ::1
[2026-04-20T04:20:13Z] [INFO] [SYSTEM] [EVT_1776658813_18ec4340] GET /api/v1/stats 200 0s 623B | IP: ::1
[2026-04-20T04:20:13Z] [INFO] [SYSTEM] [EVT_1776658813_fab065ad] GET /api/v1/queue/stats 200 0s 150B | IP: ::1
[2026-04-20T04:20:13Z] [INFO] [SYSTEM] [EVT_1776658813_8cb266c4] GET /api/v1/agents 200 0s 49B | IP: ::1
[2026-04-20T04:21:13Z] [INFO] [SYSTEM] [EVT_1776658873_220c8c64] GET /api/v1/stats 200 0s 624B | IP: ::1
[2026-04-20T04:21:13Z] [INFO] [SYSTEM] [EVT_1776658873_1286137a] GET /api/v1/queue/stats 200 0s 150B | IP: ::1
[2026-04-20T04:21:13Z] [INFO] [SYSTEM] [EVT_1776658873_025d98cb] GET /api/v1/agents 200 0s 49B | IP: ::1
[2026-04-20T04:21:34Z] [INFO] [SYSTEM] [EVT_1776658894_4af7e977] GET /api/v1/stats 200 902.5µs 624B | IP: ::1
[2026-04-20T04:21:34Z] [INFO] [SYSTEM] [EVT_1776658894_cad0d1c8] GET /api/v1/queue/stats 200 0s 150B | IP: ::1
[2026-04-20T04:21:34Z] [INFO] [SYSTEM] [EVT_1776658894_dd0ea89c] GET /api/v1/agents 200 0s 49B | IP: ::1
[2026-04-20T04:21:36Z] [INFO] [SYSTEM] [EVT_1776658896_bc00cffa] GET /api/v1/stats 200 0s 624B | IP: ::1
[2026-04-20T04:21:36Z] [INFO] [SYSTEM] [EVT_1776658896_05315c28] GET /api/v1/queue/stats 200 0s 150B | IP: ::1
[2026-04-20T04:21:46Z] [INFO] [SYSTEM] [EVT_1776658906_9c4a9ea8] GET /api/v1/stats 200 0s 623B | IP: ::1
[2026-04-20T04:21:46Z] [INFO] [SYSTEM] [EVT_1776658906_c5b1fdfb] GET /api/v1/queue/stats 200 0s 150B | IP: ::1
[2026-04-20T04:21:46Z] [INFO] [SYSTEM] [EVT_1776658906_6cdd8c29] GET /api/v1/agents 200 0s 49B | IP: ::1
[2026-04-20T04:21:56Z] [INFO] [SYSTEM] [EVT_1776658916_cedb6cbe] GET /api/v1/stats 200 0s 624B | IP: ::1
[2026-04-20T04:21:56Z] [INFO] [SYSTEM] [EVT_1776658916_84ef85a9] GET /api/v1/queue/stats 200 0s 150B | IP: ::1
[2026-04-20T04:22:01Z] [INFO] [SYSTEM] [EVT_1776658921_60d4aa02] GET /api/v1/agents 200 0s 49B | IP: ::1
[2026-04-20T04:22:06Z] [INFO] [SYSTEM] [EVT_1776658926_423bc234] GET /api/v1/stats 200 0s 624B | IP: ::1
[2026-04-20T04:22:06Z] [INFO] [SYSTEM] [EVT_1776658926_8b6631d9] GET /api/v1/queue/stats 200 0s 150B | IP: ::1
[2026-04-20T04:22:16Z] [INFO] [SYSTEM] [EVT_1776658936_e90fd77d] GET /api/v1/stats 200 2.0101ms 624B | IP: ::1
[2026-04-20T04:22:16Z] [INFO] [SYSTEM] [EVT_1776658936_be769aa4] GET /api/v1/queue/stats 200 0s 150B | IP: ::1
[2026-04-20T04:22:16Z] [INFO] [SYSTEM] [EVT_1776658936_bdf43df8] GET /api/v1/agents 200 542.4µs 49B | IP: ::1
[2026-04-20T04:22:26Z] [INFO] [SYSTEM] [EVT_1776658946_bcc97fce] GET /api/v1/stats 200 410µs 624B | IP: ::1
[2026-04-20T04:22:26Z] [INFO] [SYSTEM] [EVT_1776658946_d2084610] GET /api/v1/queue/stats 200 0s 150B | IP: ::1
[2026-04-20T04:22:31Z] [INFO] [SYSTEM] [EVT_1776658951_7b28703e] GET /api/v1/agents 200 0s 49B | IP: ::1
[2026-04-20T04:23:13Z] [INFO] [SYSTEM] [EVT_1776658993_b79a73b6] GET /api/v1/stats 200 507.1µs 624B | IP: ::1
[2026-04-20T04:23:13Z] [INFO] [SYSTEM] [EVT_1776658993_50bda02c] GET /api/v1/queue/stats 200 1.4318ms 150B | IP: ::1
[2026-04-20T04:23:13Z] [INFO] [SYSTEM] [EVT_1776658993_87a6c1f3] GET /api/v1/agents 200 0s 49B | IP: ::1
[2026-04-20T04:24:13Z] [INFO] [SYSTEM] [EVT_1776659053_51a2b250] GET /api/v1/stats 200 0s 624B | IP: ::1
[2026-04-20T04:24:13Z] [INFO] [SYSTEM] [EVT_1776659053_b2dda9f9] GET /api/v1/queue/stats 200 0s 150B | IP: ::1
[2026-04-20T04:24:13Z] [INFO] [SYSTEM] [EVT_1776659053_c7982dae] GET /api/v1/agents 200 0s 49B | IP: ::1
[2026-04-20T04:25:13Z] [INFO] [SYSTEM] [EVT_1776659113_31c6367f] GET /api/v1/stats 200 0s 624B | IP: ::1
[2026-04-20T04:25:13Z] [INFO] [SYSTEM] [EVT_1776659113_a60234ea] GET /api/v1/queue/stats 200 0s 150B | IP: ::1
[2026-04-20T04:25:13Z] [INFO] [SYSTEM] [EVT_1776659113_7ed77ec1] GET /api/v1/agents 200 0s 49B | IP: ::1
[2026-04-20T04:26:13Z] [INFO] [SYSTEM] [EVT_1776659173_259639b9] GET /api/v1/stats 200 0s 624B | IP: ::1
[2026-04-20T04:26:13Z] [INFO] [SYSTEM] [EVT_1776659173_57b400cf] GET /api/v1/queue/stats 200 0s 150B | IP: ::1
[2026-04-20T04:26:13Z] [INFO] [SYSTEM] [EVT_1776659173_5a8afcff] GET /api/v1/agents 200 0s 49B | IP: ::1
[2026-04-20T04:27:13Z] [INFO] [SYSTEM] [EVT_1776659233_3f8a8dd8] GET /api/v1/stats 200 515µs 624B | IP: ::1
[2026-04-20T04:27:13Z] [INFO] [SYSTEM] [EVT_1776659233_593290b8] GET /api/v1/queue/stats 200 515.6µs 150B | IP: ::1
[2026-04-20T04:27:13Z] [INFO] [SYSTEM] [EVT_1776659233_48636ba2] GET /api/v1/agents 200 0s 49B | IP: ::1
[2026-04-20T04:28:13Z] [INFO] [SYSTEM] [EVT_1776659293_41fac009] GET /api/v1/stats 200 0s 624B | IP: ::1
[2026-04-20T04:28:13Z] [INFO] [SYSTEM] [EVT_1776659293_cea7a3cc] GET /api/v1/queue/stats 200 0s 150B | IP: ::1
[2026-04-20T04:28:13Z] [INFO] [SYSTEM] [EVT_1776659293_56534a01] GET /api/v1/agents 200 0s 49B | IP: ::1
[2026-04-20T04:29:13Z] [INFO] [SYSTEM] [EVT_1776659353_5246f952] GET /api/v1/stats 200 0s 624B | IP: ::1
[2026-04-20T04:29:13Z] [INFO] [SYSTEM] [EVT_1776659353_5c1c863a] GET /api/v1/queue/stats 200 0s 150B | IP: ::1
[2026-04-20T04:29:13Z] [INFO] [SYSTEM] [EVT_1776659353_2b7ad472] GET /api/v1/agents 200 0s 49B | IP: ::1
[2026-04-20T04:30:18Z] [INFO] [SYSTEM] [EVT_1776659418_8fa80668] GET /api/v1/stats 200 1.1729ms 624B | IP: ::1
[2026-04-20T04:30:18Z] [INFO] [SYSTEM] [EVT_1776659418_d8e9d7d4] GET /api/v1/queue/stats 200 1.1729ms 150B | IP: ::1
[2026-04-20T04:30:18Z] [INFO] [SYSTEM] [EVT_1776659418_dc7a401e] GET /api/v1/agents 200 0s 49B | IP: ::1
[2026-04-20T04:31:13Z] [INFO] [SYSTEM] [EVT_1776659473_8a7d1a8f] GET /api/v1/stats 200 1.6469ms 627B | IP: ::1
[2026-04-20T04:31:13Z] [INFO] [SYSTEM] [EVT_1776659473_b380f35f] GET /api/v1/agents 200 0s 49B | IP: ::1
[2026-04-20T04:31:13Z] [INFO] [SYSTEM] [EVT_1776659473_b55be6e4] GET /api/v1/queue/stats 200 509µs 150B | IP: ::1
[2026-04-20T04:32:13Z] [INFO] [SYSTEM] [EVT_1776659533_8cace864] GET /api/v1/queue/stats 200 1.5212ms 150B | IP: ::1
[2026-04-20T04:32:13Z] [INFO] [SYSTEM] [EVT_1776659533_751f1fdb] GET /api/v1/stats 200 0s 626B | IP: ::1
[2026-04-20T04:32:13Z] [INFO] [SYSTEM] [EVT_1776659533_c3b96b39] GET /api/v1/agents 200 0s 49B | IP: ::1
[2026-04-20T04:33:27Z] [INFO] [SYSTEM] [EVT_1776659607_29911dc0] GET /api/v1/stats 200 570.1µs 627B | IP: ::1
[2026-04-20T04:33:28Z] [INFO] [SYSTEM] [EVT_1776659608_19170cae] GET /api/v1/queue/stats 200 516.6µs 150B | IP: ::1
[2026-04-20T04:33:28Z] [INFO] [SYSTEM] [EVT_1776659608_c4cb4874] GET /api/v1/agents 200 0s 49B | IP: ::1
[2026-04-20T04:34:13Z] [INFO] [SYSTEM] [EVT_1776659653_57304c7f] GET /api/v1/agents 200 0s 49B | IP: ::1
[2026-04-20T04:34:13Z] [INFO] [SYSTEM] [EVT_1776659653_d29f8afb] GET /api/v1/stats 200 1.0824ms 627B | IP: ::1
[2026-04-20T04:34:13Z] [INFO] [SYSTEM] [EVT_1776659653_82a75ac7] GET /api/v1/queue/stats 200 0s 150B | IP: ::1
[2026-04-20T04:35:13Z] [INFO] [SYSTEM] [EVT_1776659713_5475b6e7] GET /api/v1/stats 200 506.8µs 627B | IP: ::1
[2026-04-20T04:35:13Z] [INFO] [SYSTEM] [EVT_1776659713_184c89ae] GET /api/v1/queue/stats 200 0s 150B | IP: ::1
[2026-04-20T04:35:13Z] [INFO] [SYSTEM] [EVT_1776659713_99e5d702] GET /api/v1/agents 200 0s 49B | IP: ::1
[2026-04-20T04:36:13Z] [INFO] [SYSTEM] [EVT_1776659773_6600db1f] GET /api/v1/stats 200 0s 627B | IP: ::1
[2026-04-20T04:36:13Z] [INFO] [SYSTEM] [EVT_1776659773_50f27f62] GET /api/v1/queue/stats 200 0s 150B | IP: ::1
[2026-04-20T04:36:13Z] [INFO] [SYSTEM] [EVT_1776659773_bb95e98f] GET /api/v1/agents 200 0s 49B | IP: ::1
[2026-04-20T04:37:13Z] [INFO] [SYSTEM] [EVT_1776659833_6c836f68] GET /api/v1/stats 200 0s 627B | IP: ::1
[2026-04-20T04:37:13Z] [INFO] [SYSTEM] [EVT_1776659833_4c5fe7c6] GET /api/v1/queue/stats 200 0s 150B | IP: ::1
[2026-04-20T04:37:13Z] [INFO] [SYSTEM] [EVT_1776659833_6a070006] GET /api/v1/agents 200 0s 49B | IP: ::1
[2026-04-20T04:38:26Z] [INFO] [SYSTEM] [EVT_1776659906_7312eef0] GET /api/v1/stats 200 0s 627B | IP: ::1
[2026-04-20T04:38:27Z] [INFO] [SYSTEM] [EVT_1776659907_d232b207] GET /api/v1/queue/stats 200 0s 150B | IP: ::1
[2026-04-20T04:38:43Z] [INFO] [SYSTEM] [EVT_1776659923_19915ff9] GET /api/v1/agents 200 597.8µs 49B | IP: ::1
[2026-04-20T04:39:13Z] [INFO] [SYSTEM] [EVT_1776659953_c190fa39] GET /api/v1/agents 200 0s 49B | IP: ::1
[2026-04-20T04:39:13Z] [INFO] [SYSTEM] [EVT_1776659953_5460b0a5] GET /api/v1/stats 200 0s 627B | IP: ::1
[2026-04-20T04:39:13Z] [INFO] [SYSTEM] [EVT_1776659953_9563c44b] GET /api/v1/queue/stats 200 0s 150B | IP: ::1
[2026-04-20T04:40:13Z] [INFO] [SYSTEM] [EVT_1776660013_34524ca5] GET /api/v1/stats 200 3.736ms 627B | IP: ::1
[2026-04-20T04:40:13Z] [INFO] [SYSTEM] [EVT_1776660013_32ac8d28] GET /api/v1/queue/stats 200 406.6µs 150B | IP: ::1
[2026-04-20T04:40:13Z] [INFO] [SYSTEM] [EVT_1776660013_dea5896a] GET /api/v1/agents 200 0s 49B | IP: ::1
[2026-04-20T04:41:13Z] [INFO] [SYSTEM] [EVT_1776660073_006431e5] GET /api/v1/stats 200 0s 626B | IP: ::1
[2026-04-20T04:41:13Z] [INFO] [SYSTEM] [EVT_1776660073_f62f1e3b] GET /api/v1/queue/stats 200 0s 150B | IP: ::1
[2026-04-20T04:41:13Z] [INFO] [SYSTEM] [EVT_1776660073_604f1fd5] GET /api/v1/agents 200 680.2µs 49B | IP: ::1
[2026-04-20T04:42:13Z] [INFO] [SYSTEM] [EVT_1776660133_4c21d712] GET /api/v1/stats 200 0s 627B | IP: ::1
[2026-04-20T04:42:13Z] [INFO] [SYSTEM] [EVT_1776660133_fda9b102] GET /api/v1/queue/stats 200 0s 150B | IP: ::1
[2026-04-20T04:42:13Z] [INFO] [SYSTEM] [EVT_1776660133_5eaebee0] GET /api/v1/agents 200 0s 49B | IP: ::1
[2026-04-20T04:43:13Z] [INFO] [SYSTEM] [EVT_1776660193_7126c4f8] GET /api/v1/stats 200 0s 627B | IP: ::1
[2026-04-20T04:43:13Z] [INFO] [SYSTEM] [EVT_1776660193_27dcdfc7] GET /api/v1/queue/stats 200 0s 150B | IP: ::1
[2026-04-20T04:43:13Z] [INFO] [SYSTEM] [EVT_1776660193_9df39894] GET /api/v1/agents 200 0s 49B | IP: ::1
[2026-04-20T04:44:13Z] [INFO] [SYSTEM] [EVT_1776660253_906cd25e] GET /api/v1/stats 200 0s 627B | IP: ::1
[2026-04-20T04:44:13Z] [INFO] [SYSTEM] [EVT_1776660253_d7bfb0a1] GET /api/v1/queue/stats 200 0s 150B | IP: ::1
[2026-04-20T04:44:13Z] [INFO] [SYSTEM] [EVT_1776660253_ac19f855] GET /api/v1/agents 200 0s 49B | IP: ::1
[2026-04-20T04:45:13Z] [INFO] [SYSTEM] [EVT_1776660313_c75b5282] GET /api/v1/stats 200 0s 627B | IP: ::1
[2026-04-20T04:45:13Z] [INFO] [SYSTEM] [EVT_1776660313_1d2439f2] GET /api/v1/queue/stats 200 1.0088ms 150B | IP: ::1
[2026-04-20T04:45:13Z] [INFO] [SYSTEM] [EVT_1776660313_b4a716bd] GET /api/v1/agents 200 0s 49B | IP: ::1
[2026-04-20T04:46:13Z] [INFO] [SYSTEM] [EVT_1776660373_cc2cbc05] GET /api/v1/stats 200 0s 627B | IP: ::1
[2026-04-20T04:46:13Z] [INFO] [SYSTEM] [EVT_1776660373_93e6da5a] GET /api/v1/queue/stats 200 0s 150B | IP: ::1
[2026-04-20T04:46:13Z] [INFO] [SYSTEM] [EVT_1776660373_60308f91] GET /api/v1/agents 200 0s 49B | IP: ::1
[2026-04-20T04:47:13Z] [INFO] [SYSTEM] [EVT_1776660433_f587c693] GET /api/v1/stats 200 0s 627B | IP: ::1
[2026-04-20T04:47:13Z] [INFO] [SYSTEM] [EVT_1776660433_4e95e73b] GET /api/v1/queue/stats 200 0s 150B | IP: ::1
[2026-04-20T04:47:13Z] [INFO] [SYSTEM] [EVT_1776660433_984f8551] GET /api/v1/agents 200 0s 49B | IP: ::1
[2026-04-20T04:48:13Z] [INFO] [SYSTEM] [EVT_1776660493_24a2664a] GET /api/v1/stats 200 0s 625B | IP: ::1
[2026-04-20T04:48:13Z] [INFO] [SYSTEM] [EVT_1776660493_e0cf3492] GET /api/v1/queue/stats 200 0s 150B | IP: ::1
[2026-04-20T04:48:13Z] [INFO] [SYSTEM] [EVT_1776660493_7d90c645] GET /api/v1/agents 200 0s 49B | IP: ::1
[2026-04-20T04:49:13Z] [INFO] [SYSTEM] [EVT_1776660553_b5f236e9] GET /api/v1/stats 200 0s 627B | IP: ::1
[2026-04-20T04:49:13Z] [INFO] [SYSTEM] [EVT_1776660553_b815c5d9] GET /api/v1/queue/stats 200 0s 150B | IP: ::1
[2026-04-20T04:49:13Z] [INFO] [SYSTEM] [EVT_1776660553_dd2b82f9] GET /api/v1/agents 200 0s 49B | IP: ::1
[2026-04-20T04:50:13Z] [INFO] [SYSTEM] [EVT_1776660613_3d32ae35] GET /api/v1/stats 200 0s 627B | IP: ::1
[2026-04-20T04:50:13Z] [INFO] [SYSTEM] [EVT_1776660613_eab12c79] GET /api/v1/queue/stats 200 0s 150B | IP: ::1
[2026-04-20T04:50:13Z] [INFO] [SYSTEM] [EVT_1776660613_2677d3fa] GET /api/v1/agents 200 0s 49B | IP: ::1
[2026-04-20T04:51:13Z] [INFO] [SYSTEM] [EVT_1776660673_3709d82d] GET /api/v1/stats 200 510µs 627B | IP: ::1
[2026-04-20T04:51:13Z] [INFO] [SYSTEM] [EVT_1776660673_9151705d] GET /api/v1/queue/stats 200 0s 150B | IP: ::1
[2026-04-20T04:51:13Z] [INFO] [SYSTEM] [EVT_1776660673_bc2a2d2c] GET /api/v1/agents 200 0s 49B | IP: ::1
[2026-04-20T04:52:13Z] [INFO] [SYSTEM] [EVT_1776660733_177d41d9] GET /api/v1/stats 200 0s 627B | IP: ::1
[2026-04-20T04:52:13Z] [INFO] [SYSTEM] [EVT_1776660733_d154fde6] GET /api/v1/queue/stats 200 0s 150B | IP: ::1
[2026-04-20T04:52:13Z] [INFO] [SYSTEM] [EVT_1776660733_85bdbbec] GET /api/v1/agents 200 0s 49B | IP: ::1
[2026-04-20T04:53:13Z] [INFO] [SYSTEM] [EVT_1776660793_d3e0d17e] GET /api/v1/stats 200 1.0098ms 627B | IP: ::1
[2026-04-20T04:53:13Z] [INFO] [SYSTEM] [EVT_1776660793_74c66947] GET /api/v1/queue/stats 200 0s 150B | IP: ::1
[2026-04-20T04:53:13Z] [INFO] [SYSTEM] [EVT_1776660793_f7e698bd] GET /api/v1/agents 200 0s 49B | IP: ::1
[2026-04-20T04:54:13Z] [INFO] [SYSTEM] [EVT_1776660853_b0a4dc48] GET /api/v1/stats 200 0s 627B | IP: ::1
[2026-04-20T04:54:13Z] [INFO] [SYSTEM] [EVT_1776660853_53339be1] GET /api/v1/queue/stats 200 0s 150B | IP: ::1
[2026-04-20T04:54:13Z] [INFO] [SYSTEM] [EVT_1776660853_7eb00c14] GET /api/v1/agents 200 0s 49B | IP: ::1
[2026-04-20T04:55:13Z] [INFO] [SYSTEM] [EVT_1776660913_8cc8d42b] GET /api/v1/stats 200 0s 627B | IP: ::1
[2026-04-20T04:55:13Z] [INFO] [SYSTEM] [EVT_1776660913_ea1325a2] GET /api/v1/queue/stats 200 0s 150B | IP: ::1
[2026-04-20T04:55:13Z] [INFO] [SYSTEM] [EVT_1776660913_e643b100] GET /api/v1/agents 200 545.6µs 49B | IP: ::1
[2026-04-20T04:56:13Z] [INFO] [SYSTEM] [EVT_1776660973_57b5919b] GET /api/v1/stats 200 0s 627B | IP: ::1
[2026-04-20T04:56:13Z] [INFO] [SYSTEM] [EVT_1776660973_d64d8ea5] GET /api/v1/queue/stats 200 523.8µs 150B | IP: ::1
[2026-04-20T04:56:13Z] [INFO] [SYSTEM] [EVT_1776660973_346ede77] GET /api/v1/agents 200 0s 49B | IP: ::1
[2026-04-20T04:57:13Z] [INFO] [SYSTEM] [EVT_1776661033_bb27276f] GET /api/v1/stats 200 0s 626B | IP: ::1
[2026-04-20T04:57:13Z] [INFO] [SYSTEM] [EVT_1776661033_ccfd8aa2] GET /api/v1/queue/stats 200 0s 150B | IP: ::1
[2026-04-20T04:57:13Z] [INFO] [SYSTEM] [EVT_1776661033_7ac1c44b] GET /api/v1/agents 200 1.0009ms 49B | IP: ::1
[2026-04-20T04:58:13Z] [INFO] [SYSTEM] [EVT_1776661093_38107b1d] GET /api/v1/stats 200 509.1µs 627B | IP: ::1
[2026-04-20T04:58:13Z] [INFO] [SYSTEM] [EVT_1776661093_90e739da] GET /api/v1/queue/stats 200 526.3µs 150B | IP: ::1
[2026-04-20T04:58:13Z] [INFO] [SYSTEM] [EVT_1776661093_40e039f3] GET /api/v1/agents 200 0s 49B | IP: ::1
[2026-04-20T04:59:13Z] [INFO] [SYSTEM] [EVT_1776661153_6f2ab12b] GET /api/v1/stats 200 0s 627B | IP: ::1
[2026-04-20T04:59:13Z] [INFO] [SYSTEM] [EVT_1776661153_d41d7648] GET /api/v1/queue/stats 200 0s 150B | IP: ::1
[2026-04-20T04:59:13Z] [INFO] [SYSTEM] [EVT_1776661153_469b590d] GET /api/v1/agents 200 542.6µs 49B | IP: ::1
[2026-04-20T05:00:13Z] [INFO] [SYSTEM] [EVT_1776661213_96a819a3] GET /api/v1/stats 200 0s 627B | IP: ::1
[2026-04-20T05:00:13Z] [INFO] [SYSTEM] [EVT_1776661213_27e52ff8] GET /api/v1/queue/stats 200 0s 150B | IP: ::1
[2026-04-20T05:00:13Z] [INFO] [SYSTEM] [EVT_1776661213_08c68fb9] GET /api/v1/agents 200 0s 49B | IP: ::1
[2026-04-20T05:01:13Z] [INFO] [SYSTEM] [EVT_1776661273_1020d2c1] GET /api/v1/stats 200 0s 627B | IP: ::1
[2026-04-20T05:01:13Z] [INFO] [SYSTEM] [EVT_1776661273_fdbc5fa6] GET /api/v1/queue/stats 200 0s 150B | IP: ::1
[2026-04-20T05:01:13Z] [INFO] [SYSTEM] [EVT_1776661273_981af288] GET /api/v1/agents 200 0s 49B | IP: ::1
[2026-04-20T05:02:13Z] [INFO] [SYSTEM] [EVT_1776661333_3a6b8840] GET /api/v1/stats 200 0s 627B | IP: ::1
[2026-04-20T05:02:13Z] [INFO] [SYSTEM] [EVT_1776661333_1c7b9540] GET /api/v1/queue/stats 200 0s 150B | IP: ::1
[2026-04-20T05:02:13Z] [INFO] [SYSTEM] [EVT_1776661333_a5181dc3] GET /api/v1/agents 200 0s 49B | IP: ::1
[2026-04-20T05:03:13Z] [INFO] [SYSTEM] [EVT_1776661393_c359cc25] GET /api/v1/stats 200 0s 626B | IP: ::1
[2026-04-20T05:03:13Z] [INFO] [SYSTEM] [EVT_1776661393_5cf032bd] GET /api/v1/queue/stats 200 0s 150B | IP: ::1
[2026-04-20T05:03:13Z] [INFO] [SYSTEM] [EVT_1776661393_b3ffccaf] GET /api/v1/agents 200 0s 49B | IP: ::1
[2026-04-20T05:04:13Z] [INFO] [SYSTEM] [EVT_1776661453_268aa8a3] GET /api/v1/stats 200 0s 627B | IP: ::1
[2026-04-20T05:04:13Z] [INFO] [SYSTEM] [EVT_1776661453_9b524488] GET /api/v1/queue/stats 200 506.5µs 150B | IP: ::1
[2026-04-20T05:04:13Z] [INFO] [SYSTEM] [EVT_1776661453_f5b03304] GET /api/v1/agents 200 0s 49B | IP: ::1
[2026-04-20T05:05:13Z] [INFO] [SYSTEM] [EVT_1776661513_05ebda19] GET /api/v1/stats 200 1.1868ms 627B | IP: ::1
[2026-04-20T05:05:13Z] [INFO] [SYSTEM] [EVT_1776661513_d1516807] GET /api/v1/queue/stats 200 0s 150B | IP: ::1
[2026-04-20T05:05:13Z] [INFO] [SYSTEM] [EVT_1776661513_19fa4cc2] GET /api/v1/agents 200 0s 49B | IP: ::1
[2026-04-20T05:06:13Z] [INFO] [SYSTEM] [EVT_1776661573_eaaa96d5] GET /api/v1/stats 200 1.008ms 627B | IP: ::1
[2026-04-20T05:06:13Z] [INFO] [SYSTEM] [EVT_1776661573_ff5df124] GET /api/v1/queue/stats 200 0s 150B | IP: ::1
[2026-04-20T05:06:13Z] [INFO] [SYSTEM] [EVT_1776661573_4f7c70c0] GET /api/v1/agents 200 0s 49B | IP: ::1
[2026-04-20T05:07:13Z] [INFO] [SYSTEM] [EVT_1776661633_de7e57eb] GET /api/v1/stats 200 531.3µs 627B | IP: ::1
[2026-04-20T05:07:13Z] [INFO] [SYSTEM] [EVT_1776661633_4bedd14c] GET /api/v1/queue/stats 200 0s 150B | IP: ::1
[2026-04-20T05:07:13Z] [INFO] [SYSTEM] [EVT_1776661633_d27bd9de] GET /api/v1/agents 200 0s 49B | IP: ::1
[2026-04-20T05:08:13Z] [INFO] [SYSTEM] [EVT_1776661693_44a4a4e3] GET /api/v1/stats 200 1.5096ms 627B | IP: ::1
[2026-04-20T05:08:13Z] [INFO] [SYSTEM] [EVT_1776661693_a82b8635] GET /api/v1/queue/stats 200 0s 150B | IP: ::1
[2026-04-20T05:08:13Z] [INFO] [SYSTEM] [EVT_1776661693_f233aeb9] GET /api/v1/agents 200 0s 49B | IP: ::1
[2026-04-20T05:09:13Z] [INFO] [SYSTEM] [EVT_1776661753_79a011be] GET /api/v1/stats 200 0s 627B | IP: ::1
[2026-04-20T05:09:13Z] [INFO] [SYSTEM] [EVT_1776661753_8fd2ff66] GET /api/v1/queue/stats 200 529.4µs 150B | IP: ::1
[2026-04-20T05:09:13Z] [INFO] [SYSTEM] [EVT_1776661753_8414b821] GET /api/v1/agents 200 0s 49B | IP: ::1
[2026-04-20T05:10:13Z] [INFO] [SYSTEM] [EVT_1776661813_580f88e7] GET /api/v1/stats 200 738.5µs 627B | IP: ::1
[2026-04-20T05:10:13Z] [INFO] [SYSTEM] [EVT_1776661813_1196e502] GET /api/v1/queue/stats 200 969.9µs 150B | IP: ::1
[2026-04-20T05:10:13Z] [INFO] [SYSTEM] [EVT_1776661813_a26b03ce] GET /api/v1/agents 200 0s 49B | IP: ::1
[2026-04-20T05:11:13Z] [INFO] [SYSTEM] [EVT_1776661873_e2472c9a] GET /api/v1/stats 200 507.3µs 628B | IP: ::1
[2026-04-20T05:11:13Z] [INFO] [SYSTEM] [EVT_1776661873_0f62983e] GET /api/v1/queue/stats 200 0s 150B | IP: ::1
[2026-04-20T05:11:13Z] [INFO] [SYSTEM] [EVT_1776661873_e1013589] GET /api/v1/agents 200 0s 49B | IP: ::1
[2026-04-20T05:12:13Z] [INFO] [SYSTEM] [EVT_1776661933_be9fce1a] GET /api/v1/stats 200 0s 628B | IP: ::1
[2026-04-20T05:12:13Z] [INFO] [SYSTEM] [EVT_1776661933_49e30336] GET /api/v1/queue/stats 200 0s 150B | IP: ::1
[2026-04-20T05:12:13Z] [INFO] [SYSTEM] [EVT_1776661933_d2b20a44] GET /api/v1/agents 200 978.9µs 49B | IP: ::1
[2026-04-20T05:13:13Z] [INFO] [SYSTEM] [EVT_1776661993_49dc4568] GET /api/v1/stats 200 0s 628B | IP: ::1
[2026-04-20T05:13:13Z] [INFO] [SYSTEM] [EVT_1776661993_4ad56c52] GET /api/v1/queue/stats 200 0s 150B | IP: ::1
[2026-04-20T05:13:13Z] [INFO] [SYSTEM] [EVT_1776661993_071f2238] GET /api/v1/agents 200 0s 49B | IP: ::1
[2026-04-20T05:14:13Z] [INFO] [SYSTEM] [EVT_1776662053_c3983088] GET /api/v1/stats 200 0s 628B | IP: ::1
[2026-04-20T05:14:13Z] [INFO] [SYSTEM] [EVT_1776662053_2e24e938] GET /api/v1/queue/stats 200 0s 150B | IP: ::1
[2026-04-20T05:14:13Z] [INFO] [SYSTEM] [EVT_1776662053_d058a104] GET /api/v1/agents 200 0s 49B | IP: ::1
[2026-04-20T05:15:13Z] [INFO] [SYSTEM] [EVT_1776662113_8ec4b6ea] GET /api/v1/stats 200 505.5µs 628B | IP: ::1
[2026-04-20T05:15:13Z] [INFO] [SYSTEM] [EVT_1776662113_47cb1136] GET /api/v1/queue/stats 200 0s 150B | IP: ::1
[2026-04-20T05:15:13Z] [INFO] [SYSTEM] [EVT_1776662113_b677a704] GET /api/v1/agents 200 0s 49B | IP: ::1
[2026-04-20T05:16:13Z] [INFO] [SYSTEM] [EVT_1776662173_65c2f24e] GET /api/v1/stats 200 0s 628B | IP: ::1
[2026-04-20T05:16:13Z] [INFO] [SYSTEM] [EVT_1776662173_6a13ffde] GET /api/v1/queue/stats 200 0s 150B | IP: ::1
[2026-04-20T05:16:13Z] [INFO] [SYSTEM] [EVT_1776662173_1d565dde] GET /api/v1/agents 200 0s 49B | IP: ::1
[2026-04-20T05:17:13Z] [INFO] [SYSTEM] [EVT_1776662233_9daca351] GET /api/v1/stats 200 0s 628B | IP: ::1
[2026-04-20T05:17:13Z] [INFO] [SYSTEM] [EVT_1776662233_7e81a6fd] GET /api/v1/queue/stats 200 0s 150B | IP: ::1
[2026-04-20T05:17:13Z] [INFO] [SYSTEM] [EVT_1776662233_944454d0] GET /api/v1/agents 200 0s 49B | IP: ::1
[2026-04-20T05:18:13Z] [INFO] [SYSTEM] [EVT_1776662293_1172dee7] GET /api/v1/stats 200 510.5µs 627B | IP: ::1
[2026-04-20T05:18:13Z] [INFO] [SYSTEM] [EVT_1776662293_2a3d25b9] GET /api/v1/queue/stats 200 0s 150B | IP: ::1
[2026-04-20T05:18:13Z] [INFO] [SYSTEM] [EVT_1776662293_016e1034] GET /api/v1/agents 200 0s 49B | IP: ::1
[2026-04-20T05:19:13Z] [INFO] [SYSTEM] [EVT_1776662353_0a80d1d9] GET /api/v1/stats 200 0s 628B | IP: ::1
[2026-04-20T05:19:13Z] [INFO] [SYSTEM] [EVT_1776662353_64b43262] GET /api/v1/queue/stats 200 0s 150B | IP: ::1
[2026-04-20T05:19:13Z] [INFO] [SYSTEM] [EVT_1776662353_920c55d3] GET /api/v1/agents 200 0s 49B | IP: ::1
[2026-04-20T05:20:13Z] [INFO] [SYSTEM] [EVT_1776662413_ec7f56bc] GET /api/v1/stats 200 0s 628B | IP: ::1
[2026-04-20T05:20:13Z] [INFO] [SYSTEM] [EVT_1776662413_a622539d] GET /api/v1/queue/stats 200 0s 150B | IP: ::1
[2026-04-20T05:20:13Z] [INFO] [SYSTEM] [EVT_1776662413_5cfc093a] GET /api/v1/agents 200 0s 49B | IP: ::1
[2026-04-20T05:21:13Z] [INFO] [SYSTEM] [EVT_1776662473_2b7cfedf] GET /api/v1/stats 200 0s 629B | IP: ::1
[2026-04-20T05:21:13Z] [INFO] [SYSTEM] [EVT_1776662473_98d3ca36] GET /api/v1/queue/stats 200 0s 150B | IP: ::1
[2026-04-20T05:21:13Z] [INFO] [SYSTEM] [EVT_1776662473_db0b1ef0] GET /api/v1/agents 200 0s 49B | IP: ::1
[2026-04-20T05:22:13Z] [INFO] [SYSTEM] [EVT_1776662533_d8834387] GET /api/v1/stats 200 0s 629B | IP: ::1
[2026-04-20T05:22:13Z] [INFO] [SYSTEM] [EVT_1776662533_4d1e3919] GET /api/v1/queue/stats 200 0s 150B | IP: ::1
[2026-04-20T05:22:13Z] [INFO] [SYSTEM] [EVT_1776662533_d81e579e] GET /api/v1/agents 200 0s 49B | IP: ::1
[2026-04-20T05:23:13Z] [INFO] [SYSTEM] [EVT_1776662593_3889b015] GET /api/v1/stats 200 0s 629B | IP: ::1
[2026-04-20T05:23:13Z] [INFO] [SYSTEM] [EVT_1776662593_e3ea70cb] GET /api/v1/queue/stats 200 0s 150B | IP: ::1
[2026-04-20T05:23:13Z] [INFO] [SYSTEM] [EVT_1776662593_0a449fdf] GET /api/v1/agents 200 0s 49B | IP: ::1
[2026-04-20T05:24:13Z] [INFO] [SYSTEM] [EVT_1776662653_c1e9a67a] GET /api/v1/stats 200 1.0079ms 629B | IP: ::1
[2026-04-20T05:24:13Z] [INFO] [SYSTEM] [EVT_1776662653_e777a0aa] GET /api/v1/queue/stats 200 0s 150B | IP: ::1
[2026-04-20T05:24:13Z] [INFO] [SYSTEM] [EVT_1776662653_d688690b] GET /api/v1/agents 200 363µs 49B | IP: ::1
[2026-04-20T05:25:13Z] [INFO] [SYSTEM] [EVT_1776662713_2d6e90da] GET /api/v1/stats 200 0s 629B | IP: ::1
[2026-04-20T05:25:13Z] [INFO] [SYSTEM] [EVT_1776662713_6c648e52] GET /api/v1/queue/stats 200 0s 150B | IP: ::1
[2026-04-20T05:25:13Z] [INFO] [SYSTEM] [EVT_1776662713_cce22178] GET /api/v1/agents 200 0s 49B | IP: ::1
[2026-04-20T05:26:13Z] [INFO] [SYSTEM] [EVT_1776662773_40a717b4] GET /api/v1/stats 200 0s 628B | IP: ::1
[2026-04-20T05:26:13Z] [INFO] [SYSTEM] [EVT_1776662773_22029bd1] GET /api/v1/queue/stats 200 0s 150B | IP: ::1
[2026-04-20T05:26:13Z] [INFO] [SYSTEM] [EVT_1776662773_9bfce15e] GET /api/v1/agents 200 0s 49B | IP: ::1
[2026-04-20T05:27:13Z] [INFO] [SYSTEM] [EVT_1776662833_f9898a35] GET /api/v1/stats 200 0s 628B | IP: ::1
[2026-04-20T05:27:13Z] [INFO] [SYSTEM] [EVT_1776662833_7b3eb225] GET /api/v1/queue/stats 200 0s 150B | IP: ::1
[2026-04-20T05:27:13Z] [INFO] [SYSTEM] [EVT_1776662833_d422b081] GET /api/v1/agents 200 544.3µs 49B | IP: ::1
[2026-04-20T05:28:13Z] [INFO] [SYSTEM] [EVT_1776662893_fc3326cd] GET /api/v1/stats 200 0s 629B | IP: ::1
[2026-04-20T05:28:13Z] [INFO] [SYSTEM] [EVT_1776662893_5ac3090d] GET /api/v1/queue/stats 200 887.4µs 150B | IP: ::1
[2026-04-20T05:28:13Z] [INFO] [SYSTEM] [EVT_1776662893_62b53794] GET /api/v1/agents 200 0s 49B | IP: ::1
[2026-04-20T05:29:13Z] [INFO] [SYSTEM] [EVT_1776662953_ed1a3734] GET /api/v1/stats 200 0s 629B | IP: ::1
[2026-04-20T05:29:13Z] [INFO] [SYSTEM] [EVT_1776662953_a4fc908d] GET /api/v1/queue/stats 200 0s 150B | IP: ::1
[2026-04-20T05:29:13Z] [INFO] [SYSTEM] [EVT_1776662953_134d401b] GET /api/v1/agents 200 0s 49B | IP: ::1
[2026-04-20T05:30:13Z] [INFO] [SYSTEM] [EVT_1776663013_7a6974f9] GET /api/v1/stats 200 0s 629B | IP: ::1
[2026-04-20T05:30:13Z] [INFO] [SYSTEM] [EVT_1776663013_44a90778] GET /api/v1/queue/stats 200 0s 150B | IP: ::1
[2026-04-20T05:30:13Z] [INFO] [SYSTEM] [EVT_1776663013_a6257c6b] GET /api/v1/agents 200 0s 49B | IP: ::1
[2026-04-20T05:31:13Z] [INFO] [SYSTEM] [EVT_1776663073_ea7e0c14] GET /api/v1/stats 200 0s 629B | IP: ::1
[2026-04-20T05:31:13Z] [INFO] [SYSTEM] [EVT_1776663073_fccfacbf] GET /api/v1/queue/stats 200 0s 150B | IP: ::1
[2026-04-20T05:31:13Z] [INFO] [SYSTEM] [EVT_1776663073_a1efc9dc] GET /api/v1/agents 200 0s 49B | IP: ::1
[2026-04-20T05:32:13Z] [INFO] [SYSTEM] [EVT_1776663133_805c84ee] GET /api/v1/stats 200 0s 629B | IP: ::1
[2026-04-20T05:32:13Z] [INFO] [SYSTEM] [EVT_1776663133_fba39fe6] GET /api/v1/queue/stats 200 0s 150B | IP: ::1
[2026-04-20T05:32:13Z] [INFO] [SYSTEM] [EVT_1776663133_02ac1af9] GET /api/v1/agents 200 0s 49B | IP: ::1
[2026-04-20T05:33:13Z] [INFO] [SYSTEM] [EVT_1776663193_5a4ebf2e] GET /api/v1/stats 200 0s 629B | IP: ::1
[2026-04-20T05:33:13Z] [INFO] [SYSTEM] [EVT_1776663193_aa19c0eb] GET /api/v1/queue/stats 200 0s 150B | IP: ::1
[2026-04-20T05:33:13Z] [INFO] [SYSTEM] [EVT_1776663193_beb35569] GET /api/v1/agents 200 621.1µs 49B | IP: ::1
[2026-04-20T05:34:13Z] [INFO] [SYSTEM] [EVT_1776663253_f3ae47a2] GET /api/v1/stats 200 1.0126ms 629B | IP: ::1
[2026-04-20T05:34:13Z] [INFO] [SYSTEM] [EVT_1776663253_4df21670] GET /api/v1/queue/stats 200 0s 150B | IP: ::1
[2026-04-20T05:34:13Z] [INFO] [SYSTEM] [EVT_1776663253_8cf471d9] GET /api/v1/agents 200 0s 49B | IP: ::1
[2026-04-20T05:35:13Z] [INFO] [SYSTEM] [EVT_1776663313_c804a4d9] GET /api/v1/stats 200 0s 629B | IP: ::1
[2026-04-20T05:35:13Z] [INFO] [SYSTEM] [EVT_1776663313_f92951e9] GET /api/v1/queue/stats 200 0s 150B | IP: ::1
[2026-04-20T05:35:13Z] [INFO] [SYSTEM] [EVT_1776663313_d9cb8e96] GET /api/v1/agents 200 0s 49B | IP: ::1
[2026-04-20T05:36:13Z] [INFO] [SYSTEM] [EVT_1776663373_11d07593] GET /api/v1/stats 200 0s 629B | IP: ::1
[2026-04-20T05:36:13Z] [INFO] [SYSTEM] [EVT_1776663373_a7bca2b3] GET /api/v1/queue/stats 200 0s 150B | IP: ::1
[2026-04-20T05:36:13Z] [INFO] [SYSTEM] [EVT_1776663373_6ec459bf] GET /api/v1/agents 200 0s 49B | IP: ::1
[2026-04-20T05:37:13Z] [INFO] [SYSTEM] [EVT_1776663433_280c7895] GET /api/v1/stats 200 0s 629B | IP: ::1
[2026-04-20T05:37:13Z] [INFO] [SYSTEM] [EVT_1776663433_d856da30] GET /api/v1/queue/stats 200 0s 150B | IP: ::1
[2026-04-20T05:37:13Z] [INFO] [SYSTEM] [EVT_1776663433_33348d47] GET /api/v1/agents 200 0s 49B | IP: ::1
[2026-04-20T05:38:13Z] [INFO] [SYSTEM] [EVT_1776663493_dcdb2b4b] GET /api/v1/stats 200 0s 629B | IP: ::1
[2026-04-20T05:38:13Z] [INFO] [SYSTEM] [EVT_1776663493_84b0385a] GET /api/v1/queue/stats 200 0s 150B | IP: ::1
[2026-04-20T05:38:13Z] [INFO] [SYSTEM] [EVT_1776663493_9f50da45] GET /api/v1/agents 200 0s 49B | IP: ::1
[2026-04-20T05:39:13Z] [INFO] [SYSTEM] [EVT_1776663553_a1b76f1f] GET /api/v1/stats 200 0s 629B | IP: ::1
[2026-04-20T05:39:13Z] [INFO] [SYSTEM] [EVT_1776663553_033ed5e4] GET /api/v1/queue/stats 200 0s 150B | IP: ::1
[2026-04-20T05:39:13Z] [INFO] [SYSTEM] [EVT_1776663553_36387ca7] GET /api/v1/agents 200 0s 49B | IP: ::1
[2026-04-20T05:40:13Z] [INFO] [SYSTEM] [EVT_1776663613_fc55e5ee] GET /api/v1/stats 200 0s 629B | IP: ::1
[2026-04-20T05:40:13Z] [INFO] [SYSTEM] [EVT_1776663613_a3bee374] GET /api/v1/queue/stats 200 0s 150B | IP: ::1
[2026-04-20T05:40:13Z] [INFO] [SYSTEM] [EVT_1776663613_4999c424] GET /api/v1/agents 200 0s 49B | IP: ::1
[2026-04-20T05:41:13Z] [INFO] [SYSTEM] [EVT_1776663673_58fb7d53] GET /api/v1/stats 200 0s 629B | IP: ::1
[2026-04-20T05:41:13Z] [INFO] [SYSTEM] [EVT_1776663673_078cad30] GET /api/v1/queue/stats 200 0s 150B | IP: ::1
[2026-04-20T05:41:13Z] [INFO] [SYSTEM] [EVT_1776663673_2aae8285] GET /api/v1/agents 200 0s 49B | IP: ::1
[2026-04-20T05:42:13Z] [INFO] [SYSTEM] [EVT_1776663733_e7e811ce] GET /api/v1/stats 200 528.3µs 629B | IP: ::1
[2026-04-20T05:42:13Z] [INFO] [SYSTEM] [EVT_1776663733_2c133bac] GET /api/v1/queue/stats 200 0s 150B | IP: ::1
[2026-04-20T05:42:13Z] [INFO] [SYSTEM] [EVT_1776663733_05223517] GET /api/v1/agents 200 0s 49B | IP: ::1
[2026-04-20T05:43:13Z] [INFO] [SYSTEM] [EVT_1776663793_0d71a600] GET /api/v1/stats 200 0s 629B | IP: ::1
[2026-04-20T05:43:13Z] [INFO] [SYSTEM] [EVT_1776663793_8d43ad08] GET /api/v1/queue/stats 200 0s 150B | IP: ::1
[2026-04-20T05:43:13Z] [INFO] [SYSTEM] [EVT_1776663793_062ccf73] GET /api/v1/agents 200 0s 49B | IP: ::1
[2026-04-20T05:44:13Z] [INFO] [SYSTEM] [EVT_1776663853_784ee58a] GET /api/v1/stats 200 0s 628B | IP: ::1
[2026-04-20T05:44:13Z] [INFO] [SYSTEM] [EVT_1776663853_e8a48a01] GET /api/v1/queue/stats 200 0s 150B | IP: ::1
[2026-04-20T05:44:13Z] [INFO] [SYSTEM] [EVT_1776663853_0a1bc5a4] GET /api/v1/agents 200 0s 49B | IP: ::1
[2026-04-20T05:45:13Z] [INFO] [SYSTEM] [EVT_1776663913_13cd1878] GET /api/v1/stats 200 0s 628B | IP: ::1
[2026-04-20T05:45:13Z] [INFO] [SYSTEM] [EVT_1776663913_a049a448] GET /api/v1/queue/stats 200 0s 150B | IP: ::1
[2026-04-20T05:45:13Z] [INFO] [SYSTEM] [EVT_1776663913_fa6e7d7d] GET /api/v1/agents 200 0s 49B | IP: ::1
[2026-04-20T05:46:13Z] [INFO] [SYSTEM] [EVT_1776663973_589772cb] GET /api/v1/stats 200 0s 629B | IP: ::1
[2026-04-20T05:46:13Z] [INFO] [SYSTEM] [EVT_1776663973_84e160d2] GET /api/v1/queue/stats 200 0s 150B | IP: ::1
[2026-04-20T05:46:13Z] [INFO] [SYSTEM] [EVT_1776663973_1b3a46f5] GET /api/v1/agents 200 0s 49B | IP: ::1
[2026-04-20T05:47:13Z] [INFO] [SYSTEM] [EVT_1776664033_ea2e0369] GET /api/v1/stats 200 0s 629B | IP: ::1
[2026-04-20T05:47:13Z] [INFO] [SYSTEM] [EVT_1776664033_7fe4760d] GET /api/v1/queue/stats 200 0s 150B | IP: ::1
[2026-04-20T05:47:13Z] [INFO] [SYSTEM] [EVT_1776664033_55929c25] GET /api/v1/agents 200 0s 49B | IP: ::1
[2026-04-20T05:48:13Z] [INFO] [SYSTEM] [EVT_1776664093_249f9f72] GET /api/v1/stats 200 767µs 629B | IP: ::1
[2026-04-20T05:48:13Z] [INFO] [SYSTEM] [EVT_1776664093_8d37fdd1] GET /api/v1/queue/stats 200 0s 150B | IP: ::1
[2026-04-20T05:48:13Z] [INFO] [SYSTEM] [EVT_1776664093_f29924ae] GET /api/v1/agents 200 0s 49B | IP: ::1
[2026-04-20T05:49:13Z] [INFO] [SYSTEM] [EVT_1776664153_18791f06] GET /api/v1/stats 200 506.5µs 629B | IP: ::1
[2026-04-20T05:49:13Z] [INFO] [SYSTEM] [EVT_1776664153_5af53e45] GET /api/v1/queue/stats 200 0s 150B | IP: ::1
[2026-04-20T05:49:13Z] [INFO] [SYSTEM] [EVT_1776664153_28ad8ba7] GET /api/v1/agents 200 0s 49B | IP: ::1
[2026-04-20T05:50:13Z] [INFO] [SYSTEM] [EVT_1776664213_064437be] GET /api/v1/stats 200 590.6µs 629B | IP: ::1
[2026-04-20T05:50:13Z] [INFO] [SYSTEM] [EVT_1776664213_5f58b611] GET /api/v1/agents 200 0s 49B | IP: ::1
[2026-04-20T05:50:13Z] [INFO] [SYSTEM] [EVT_1776664213_84e615c0] GET /api/v1/queue/stats 200 0s 150B | IP: ::1
[2026-04-20T05:51:13Z] [INFO] [SYSTEM] [EVT_1776664273_bff7911e] GET /api/v1/stats 200 0s 629B | IP: ::1
[2026-04-20T05:51:13Z] [INFO] [SYSTEM] [EVT_1776664273_2d245774] GET /api/v1/queue/stats 200 0s 150B | IP: ::1
[2026-04-20T05:51:13Z] [INFO] [SYSTEM] [EVT_1776664273_f5111cce] GET /api/v1/agents 200 0s 49B | IP: ::1
[2026-04-20T05:52:13Z] [INFO] [SYSTEM] [EVT_1776664333_8986234b] GET /api/v1/stats 200 0s 629B | IP: ::1
[2026-04-20T05:52:13Z] [INFO] [SYSTEM] [EVT_1776664333_207867fa] GET /api/v1/queue/stats 200 0s 150B | IP: ::1
[2026-04-20T05:52:13Z] [INFO] [SYSTEM] [EVT_1776664333_6b7c69ac] GET /api/v1/agents 200 0s 49B | IP: ::1
[2026-04-20T05:53:13Z] [INFO] [SYSTEM] [EVT_1776664393_0bbce0de] GET /api/v1/stats 200 0s 629B | IP: ::1
[2026-04-20T05:53:13Z] [INFO] [SYSTEM] [EVT_1776664393_ee4f001e] GET /api/v1/queue/stats 200 0s 150B | IP: ::1
[2026-04-20T05:53:13Z] [INFO] [SYSTEM] [EVT_1776664393_5ec5667f] GET /api/v1/agents 200 0s 49B | IP: ::1
[2026-04-20T05:54:13Z] [INFO] [SYSTEM] [EVT_1776664453_e3352a6a] GET /api/v1/stats 200 0s 629B | IP: ::1
[2026-04-20T05:54:13Z] [INFO] [SYSTEM] [EVT_1776664453_d2a9b0fa] GET /api/v1/queue/stats 200 0s 150B | IP: ::1
[2026-04-20T05:54:13Z] [INFO] [SYSTEM] [EVT_1776664453_5df34a12] GET /api/v1/agents 200 0s 49B | IP: ::1
[2026-04-20T05:55:13Z] [INFO] [SYSTEM] [EVT_1776664513_3462b3e5] GET /api/v1/stats 200 0s 628B | IP: ::1
[2026-04-20T05:55:13Z] [INFO] [SYSTEM] [EVT_1776664513_7b5ecce5] GET /api/v1/queue/stats 200 0s 150B | IP: ::1
[2026-04-20T05:55:13Z] [INFO] [SYSTEM] [EVT_1776664513_cf21a412] GET /api/v1/agents 200 0s 49B | IP: ::1
[2026-04-20T05:56:13Z] [INFO] [SYSTEM] [EVT_1776664573_40481896] GET /api/v1/stats 200 0s 629B | IP: ::1
[2026-04-20T05:56:13Z] [INFO] [SYSTEM] [EVT_1776664573_791077c4] GET /api/v1/queue/stats 200 0s 150B | IP: ::1
[2026-04-20T05:56:13Z] [INFO] [SYSTEM] [EVT_1776664573_02493cc2] GET /api/v1/agents 200 0s 49B | IP: ::1
[2026-04-20T05:57:13Z] [INFO] [SYSTEM] [EVT_1776664633_9b07ea98] GET /api/v1/stats 200 0s 629B | IP: ::1
[2026-04-20T05:57:13Z] [INFO] [SYSTEM] [EVT_1776664633_f39c53c1] GET /api/v1/queue/stats 200 0s 150B | IP: ::1
[2026-04-20T05:57:13Z] [INFO] [SYSTEM] [EVT_1776664633_a32ab072] GET /api/v1/agents 200 0s 49B | IP: ::1
[2026-04-20T05:58:13Z] [INFO] [SYSTEM] [EVT_1776664693_0fc4eef8] GET /api/v1/stats 200 0s 629B | IP: ::1
[2026-04-20T05:58:13Z] [INFO] [SYSTEM] [EVT_1776664693_b3bb2891] GET /api/v1/queue/stats 200 0s 150B | IP: ::1
[2026-04-20T05:58:13Z] [INFO] [SYSTEM] [EVT_1776664693_5e5c980f] GET /api/v1/agents 200 0s 49B | IP: ::1
[2026-04-20T05:59:13Z] [INFO] [SYSTEM] [EVT_1776664753_dfee3a85] GET /api/v1/stats 200 0s 629B | IP: ::1
[2026-04-20T05:59:13Z] [INFO] [SYSTEM] [EVT_1776664753_dfb526f5] GET /api/v1/queue/stats 200 0s 150B | IP: ::1
[2026-04-20T05:59:13Z] [INFO] [SYSTEM] [EVT_1776664753_09c8ed70] GET /api/v1/agents 200 578.5µs 49B | IP: ::1
[2026-04-20T06:00:13Z] [INFO] [SYSTEM] [EVT_1776664813_34e566c3] GET /api/v1/stats 200 0s 629B | IP: ::1
[2026-04-20T06:00:13Z] [INFO] [SYSTEM] [EVT_1776664813_06b3b383] GET /api/v1/queue/stats 200 0s 150B | IP: ::1
[2026-04-20T06:00:13Z] [INFO] [SYSTEM] [EVT_1776664813_a54ece7e] GET /api/v1/agents 200 0s 49B | IP: ::1
[2026-04-20T06:01:13Z] [INFO] [SYSTEM] [EVT_1776664873_b2ec9477] GET /api/v1/stats 200 0s 629B | IP: ::1
[2026-04-20T06:01:13Z] [INFO] [SYSTEM] [EVT_1776664873_df37af88] GET /api/v1/queue/stats 200 0s 150B | IP: ::1
[2026-04-20T06:01:13Z] [INFO] [SYSTEM] [EVT_1776664873_721c4c5e] GET /api/v1/agents 200 0s 49B | IP: ::1
[2026-04-20T06:02:13Z] [INFO] [SYSTEM] [EVT_1776664933_30ba226e] GET /api/v1/stats 200 0s 629B | IP: ::1
[2026-04-20T06:02:13Z] [INFO] [SYSTEM] [EVT_1776664933_ddda0839] GET /api/v1/queue/stats 200 0s 150B | IP: ::1
[2026-04-20T06:02:13Z] [INFO] [SYSTEM] [EVT_1776664933_7e814c86] GET /api/v1/agents 200 0s 49B | IP: ::1
[2026-04-20T06:03:13Z] [INFO] [SYSTEM] [EVT_1776664993_afcde437] GET /api/v1/stats 200 0s 629B | IP: ::1
[2026-04-20T06:03:13Z] [INFO] [SYSTEM] [EVT_1776664993_2dcd8817] GET /api/v1/queue/stats 200 0s 150B | IP: ::1
[2026-04-20T06:03:13Z] [INFO] [SYSTEM] [EVT_1776664993_e285e48f] GET /api/v1/agents 200 0s 49B | IP: ::1
[2026-04-20T06:04:13Z] [INFO] [SYSTEM] [EVT_1776665053_358adfa7] GET /api/v1/stats 200 0s 628B | IP: ::1
[2026-04-20T06:04:13Z] [INFO] [SYSTEM] [EVT_1776665053_db37f321] GET /api/v1/queue/stats 200 0s 150B | IP: ::1
[2026-04-20T06:04:13Z] [INFO] [SYSTEM] [EVT_1776665053_3d1e69f7] GET /api/v1/agents 200 0s 49B | IP: ::1
[2026-04-20T06:05:13Z] [INFO] [SYSTEM] [EVT_1776665113_77262393] GET /api/v1/stats 200 508.4µs 628B | IP: ::1
[2026-04-20T06:05:13Z] [INFO] [SYSTEM] [EVT_1776665113_5eb7f1db] GET /api/v1/queue/stats 200 0s 150B | IP: ::1
[2026-04-20T06:05:13Z] [INFO] [SYSTEM] [EVT_1776665113_e71ce3b0] GET /api/v1/agents 200 0s 49B | IP: ::1
[2026-04-20T06:06:13Z] [INFO] [SYSTEM] [EVT_1776665173_cc22b62e] GET /api/v1/stats 200 0s 629B | IP: ::1
[2026-04-20T06:06:13Z] [INFO] [SYSTEM] [EVT_1776665173_fa34b499] GET /api/v1/queue/stats 200 0s 150B | IP: ::1
[2026-04-20T06:06:13Z] [INFO] [SYSTEM] [EVT_1776665173_225aca02] GET /api/v1/agents 200 0s 49B | IP: ::1
[2026-04-20T06:07:13Z] [INFO] [SYSTEM] [EVT_1776665233_69e51649] GET /api/v1/stats 200 0s 628B | IP: ::1
[2026-04-20T06:07:13Z] [INFO] [SYSTEM] [EVT_1776665233_2977df5f] GET /api/v1/agents 200 0s 49B | IP: ::1
[2026-04-20T06:07:13Z] [INFO] [SYSTEM] [EVT_1776665233_4ea2e494] GET /api/v1/queue/stats 200 0s 150B | IP: ::1
[2026-04-20T06:08:13Z] [INFO] [SYSTEM] [EVT_1776665293_807eec0b] GET /api/v1/stats 200 0s 629B | IP: ::1
[2026-04-20T06:08:13Z] [INFO] [SYSTEM] [EVT_1776665293_7d73a17f] GET /api/v1/queue/stats 200 0s 150B | IP: ::1
[2026-04-20T06:08:13Z] [INFO] [SYSTEM] [EVT_1776665293_7c2ab65b] GET /api/v1/agents 200 0s 49B | IP: ::1
[2026-04-20T06:09:13Z] [INFO] [SYSTEM] [EVT_1776665353_085d9cb1] GET /api/v1/stats 200 0s 629B | IP: ::1
[2026-04-20T06:09:13Z] [INFO] [SYSTEM] [EVT_1776665353_4a7eceb6] GET /api/v1/queue/stats 200 0s 150B | IP: ::1
[2026-04-20T06:09:13Z] [INFO] [SYSTEM] [EVT_1776665353_3b9c1887] GET /api/v1/agents 200 1.011ms 49B | IP: ::1
[2026-04-20T06:10:13Z] [INFO] [SYSTEM] [EVT_1776665413_da6a55d0] GET /api/v1/stats 200 0s 629B | IP: ::1
[2026-04-20T06:10:13Z] [INFO] [SYSTEM] [EVT_1776665413_491c03fe] GET /api/v1/queue/stats 200 0s 150B | IP: ::1
[2026-04-20T06:10:13Z] [INFO] [SYSTEM] [EVT_1776665413_b5ab2f10] GET /api/v1/agents 200 0s 49B | IP: ::1
[2026-04-20T06:11:13Z] [INFO] [SYSTEM] [EVT_1776665473_82076998] GET /api/v1/stats 200 1.0092ms 628B | IP: ::1
[2026-04-20T06:11:13Z] [INFO] [SYSTEM] [EVT_1776665473_5dac5986] GET /api/v1/queue/stats 200 0s 150B | IP: ::1
[2026-04-20T06:11:13Z] [INFO] [SYSTEM] [EVT_1776665473_96092f34] GET /api/v1/agents 200 0s 49B | IP: ::1
[2026-04-20T06:12:13Z] [INFO] [SYSTEM] [EVT_1776665533_34656f0b] GET /api/v1/stats 200 0s 628B | IP: ::1
[2026-04-20T06:12:13Z] [INFO] [SYSTEM] [EVT_1776665533_c6aaac9f] GET /api/v1/queue/stats 200 0s 150B | IP: ::1
[2026-04-20T06:12:13Z] [INFO] [SYSTEM] [EVT_1776665533_b338e6db] GET /api/v1/agents 200 0s 49B | IP: ::1
[2026-04-20T06:13:13Z] [INFO] [SYSTEM] [EVT_1776665593_1bd9a24d] GET /api/v1/stats 200 0s 628B | IP: ::1
[2026-04-20T06:13:13Z] [INFO] [SYSTEM] [EVT_1776665593_0b858e67] GET /api/v1/queue/stats 200 0s 150B | IP: ::1
[2026-04-20T06:13:13Z] [INFO] [SYSTEM] [EVT_1776665593_ff0070ca] GET /api/v1/agents 200 0s 49B | IP: ::1
[2026-04-20T06:14:13Z] [INFO] [SYSTEM] [EVT_1776665653_d269c5f7] GET /api/v1/stats 200 0s 628B | IP: ::1
[2026-04-20T06:14:13Z] [INFO] [SYSTEM] [EVT_1776665653_a7740fdf] GET /api/v1/queue/stats 200 0s 150B | IP: ::1
[2026-04-20T06:14:13Z] [INFO] [SYSTEM] [EVT_1776665653_64721d4d] GET /api/v1/agents 200 0s 49B | IP: ::1
[2026-04-20T06:15:13Z] [INFO] [SYSTEM] [EVT_1776665713_42e3ab1e] GET /api/v1/stats 200 0s 628B | IP: ::1
[2026-04-20T06:15:13Z] [INFO] [SYSTEM] [EVT_1776665713_6eba3bf4] GET /api/v1/queue/stats 200 0s 150B | IP: ::1
[2026-04-20T06:15:13Z] [INFO] [SYSTEM] [EVT_1776665713_52c2d9f4] GET /api/v1/agents 200 0s 49B | IP: ::1
[2026-04-20T06:16:13Z] [INFO] [SYSTEM] [EVT_1776665773_bd3853d9] GET /api/v1/stats 200 0s 628B | IP: ::1
[2026-04-20T06:16:13Z] [INFO] [SYSTEM] [EVT_1776665773_df9ad56a] GET /api/v1/queue/stats 200 0s 150B | IP: ::1
[2026-04-20T06:16:13Z] [INFO] [SYSTEM] [EVT_1776665773_bd68d128] GET /api/v1/agents 200 0s 49B | IP: ::1
[2026-04-20T06:17:13Z] [INFO] [SYSTEM] [EVT_1776665833_15e47a6e] GET /api/v1/stats 200 0s 628B | IP: ::1
[2026-04-20T06:17:13Z] [INFO] [SYSTEM] [EVT_1776665833_2724ff6c] GET /api/v1/queue/stats 200 0s 150B | IP: ::1
[2026-04-20T06:17:13Z] [INFO] [SYSTEM] [EVT_1776665833_129de959] GET /api/v1/agents 200 0s 49B | IP: ::1
[2026-04-20T06:18:13Z] [INFO] [SYSTEM] [EVT_1776665893_d5eb31f9] GET /api/v1/stats 200 0s 628B | IP: ::1
[2026-04-20T06:18:13Z] [INFO] [SYSTEM] [EVT_1776665893_605d56e7] GET /api/v1/queue/stats 200 0s 150B | IP: ::1
[2026-04-20T06:18:13Z] [INFO] [SYSTEM] [EVT_1776665893_05f184f7] GET /api/v1/agents 200 0s 49B | IP: ::1
[2026-04-20T06:19:13Z] [INFO] [SYSTEM] [EVT_1776665953_5e4752cc] GET /api/v1/stats 200 0s 628B | IP: ::1
[2026-04-20T06:19:13Z] [INFO] [SYSTEM] [EVT_1776665953_221924e7] GET /api/v1/queue/stats 200 1.0113ms 150B | IP: ::1
[2026-04-20T06:19:13Z] [INFO] [SYSTEM] [EVT_1776665953_7e4cd613] GET /api/v1/agents 200 0s 49B | IP: ::1
[2026-04-20T06:20:13Z] [INFO] [SYSTEM] [EVT_1776666013_03cc0e9f] GET /api/v1/stats 200 0s 628B | IP: ::1
[2026-04-20T06:20:13Z] [INFO] [SYSTEM] [EVT_1776666013_462c50d6] GET /api/v1/queue/stats 200 0s 150B | IP: ::1
[2026-04-20T06:20:13Z] [INFO] [SYSTEM] [EVT_1776666013_d122708f] GET /api/v1/agents 200 0s 49B | IP: ::1
[2026-04-20T06:21:13Z] [INFO] [SYSTEM] [EVT_1776666073_93cba8e8] GET /api/v1/stats 200 0s 629B | IP: ::1
[2026-04-20T06:21:13Z] [INFO] [SYSTEM] [EVT_1776666073_d9123538] GET /api/v1/queue/stats 200 0s 150B | IP: ::1
[2026-04-20T06:21:13Z] [INFO] [SYSTEM] [EVT_1776666073_9a9eda17] GET /api/v1/agents 200 0s 49B | IP: ::1
[2026-04-20T06:22:13Z] [INFO] [SYSTEM] [EVT_1776666133_1d3433b5] GET /api/v1/stats 200 0s 629B | IP: ::1
[2026-04-20T06:22:13Z] [INFO] [SYSTEM] [EVT_1776666133_1dffa143] GET /api/v1/queue/stats 200 0s 150B | IP: ::1
[2026-04-20T06:22:13Z] [INFO] [SYSTEM] [EVT_1776666133_a5d77079] GET /api/v1/agents 200 0s 49B | IP: ::1
[2026-04-20T06:23:13Z] [INFO] [SYSTEM] [EVT_1776666193_4a31a4fd] GET /api/v1/stats 200 1.0102ms 628B | IP: ::1
[2026-04-20T06:23:13Z] [INFO] [SYSTEM] [EVT_1776666193_1452432e] GET /api/v1/queue/stats 200 1.0082ms 150B | IP: ::1
[2026-04-20T06:23:13Z] [INFO] [SYSTEM] [EVT_1776666193_51765005] GET /api/v1/agents 200 0s 49B | IP: ::1
[2026-04-20T06:24:13Z] [INFO] [SYSTEM] [EVT_1776666253_f47d40db] GET /api/v1/stats 200 0s 628B | IP: ::1
[2026-04-20T06:24:13Z] [INFO] [SYSTEM] [EVT_1776666253_86992801] GET /api/v1/queue/stats 200 0s 150B | IP: ::1
[2026-04-20T06:24:13Z] [INFO] [SYSTEM] [EVT_1776666253_9a4496ad] GET /api/v1/agents 200 0s 49B | IP: ::1
[2026-04-20T06:25:13Z] [INFO] [SYSTEM] [EVT_1776666313_fcc4bcb5] GET /api/v1/stats 200 0s 629B | IP: ::1
[2026-04-20T06:25:13Z] [INFO] [SYSTEM] [EVT_1776666313_1233856b] GET /api/v1/queue/stats 200 0s 150B | IP: ::1
[2026-04-20T06:25:13Z] [INFO] [SYSTEM] [EVT_1776666313_028cc8e4] GET /api/v1/agents 200 0s 49B | IP: ::1
[2026-04-20T06:26:13Z] [INFO] [SYSTEM] [EVT_1776666373_3a4b64e0] GET /api/v1/stats 200 0s 629B | IP: ::1
[2026-04-20T06:26:13Z] [INFO] [SYSTEM] [EVT_1776666373_4d7ccc96] GET /api/v1/queue/stats 200 0s 150B | IP: ::1
[2026-04-20T06:26:13Z] [INFO] [SYSTEM] [EVT_1776666373_c0e7479b] GET /api/v1/agents 200 0s 49B | IP: ::1
[2026-04-20T06:27:13Z] [INFO] [SYSTEM] [EVT_1776666433_9df60487] GET /api/v1/stats 200 509.8µs 629B | IP: ::1
[2026-04-20T06:27:13Z] [INFO] [SYSTEM] [EVT_1776666433_b3b648c2] GET /api/v1/queue/stats 200 0s 150B | IP: ::1
[2026-04-20T06:27:13Z] [INFO] [SYSTEM] [EVT_1776666433_292f4c10] GET /api/v1/agents 200 0s 49B | IP: ::1
[2026-04-20T06:28:13Z] [INFO] [SYSTEM] [EVT_1776666493_ca773db5] GET /api/v1/stats 200 0s 629B | IP: ::1
[2026-04-20T06:28:13Z] [INFO] [SYSTEM] [EVT_1776666493_ae019b1a] GET /api/v1/queue/stats 200 0s 150B | IP: ::1
[2026-04-20T06:28:13Z] [INFO] [SYSTEM] [EVT_1776666493_fb08e720] GET /api/v1/agents 200 0s 49B | IP: ::1
[2026-04-20T06:29:13Z] [INFO] [SYSTEM] [EVT_1776666553_8d76e30c] GET /api/v1/stats 200 2.8638ms 628B | IP: ::1
[2026-04-20T06:29:13Z] [INFO] [SYSTEM] [EVT_1776666553_4702f622] GET /api/v1/queue/stats 200 1.51ms 150B | IP: ::1
[2026-04-20T06:29:13Z] [INFO] [SYSTEM] [EVT_1776666553_c1c92423] GET /api/v1/agents 200 0s 49B | IP: ::1
[2026-04-20T06:30:13Z] [INFO] [SYSTEM] [EVT_1776666613_d217fd72] GET /api/v1/queue/stats 200 0s 150B | IP: ::1
[2026-04-20T06:30:13Z] [INFO] [SYSTEM] [EVT_1776666613_5a91d28f] GET /api/v1/stats 200 6.3298ms 629B | IP: ::1
[2026-04-20T06:30:13Z] [INFO] [SYSTEM] [EVT_1776666613_fdfcdc29] GET /api/v1/agents 200 6.3298ms 49B | IP: ::1
[2026-04-20T06:31:13Z] [INFO] [SYSTEM] [EVT_1776666673_5448923a] GET /api/v1/stats 200 0s 629B | IP: ::1
[2026-04-20T06:31:13Z] [INFO] [SYSTEM] [EVT_1776666673_1b8c6758] GET /api/v1/queue/stats 200 0s 150B | IP: ::1
[2026-04-20T06:31:13Z] [INFO] [SYSTEM] [EVT_1776666673_5b9b7701] GET /api/v1/agents 200 0s 49B | IP: ::1
[2026-04-20T06:32:13Z] [INFO] [SYSTEM] [EVT_1776666733_19fcaaad] GET /api/v1/stats 200 0s 629B | IP: ::1
[2026-04-20T06:32:13Z] [INFO] [SYSTEM] [EVT_1776666733_6000e45b] GET /api/v1/queue/stats 200 1.006ms 150B | IP: ::1
[2026-04-20T06:32:13Z] [INFO] [SYSTEM] [EVT_1776666733_6aa000ad] GET /api/v1/agents 200 0s 49B | IP: ::1
[2026-04-20T06:33:13Z] [INFO] [SYSTEM] [EVT_1776666793_6fa832d3] GET /api/v1/stats 200 0s 629B | IP: ::1
[2026-04-20T06:33:13Z] [INFO] [SYSTEM] [EVT_1776666793_5d233a6c] GET /api/v1/queue/stats 200 0s 150B | IP: ::1
[2026-04-20T06:33:13Z] [INFO] [SYSTEM] [EVT_1776666793_ca0b1342] GET /api/v1/agents 200 0s 49B | IP: ::1
[2026-04-20T06:34:13Z] [INFO] [SYSTEM] [EVT_1776666853_0a043b7f] GET /api/v1/stats 200 1.5104ms 629B | IP: ::1
[2026-04-20T06:34:13Z] [INFO] [SYSTEM] [EVT_1776666853_4bbaee15] GET /api/v1/queue/stats 200 0s 150B | IP: ::1
[2026-04-20T06:34:13Z] [INFO] [SYSTEM] [EVT_1776666853_b7e71d4c] GET /api/v1/agents 200 0s 49B | IP: ::1
[2026-04-20T06:35:13Z] [INFO] [SYSTEM] [EVT_1776666913_d9911dff] GET /api/v1/stats 200 0s 629B | IP: ::1
[2026-04-20T06:35:13Z] [INFO] [SYSTEM] [EVT_1776666913_bda7d981] GET /api/v1/queue/stats 200 0s 150B | IP: ::1
[2026-04-20T06:35:13Z] [INFO] [SYSTEM] [EVT_1776666913_c42a0548] GET /api/v1/agents 200 0s 49B | IP: ::1
[2026-04-20T06:36:13Z] [INFO] [SYSTEM] [EVT_1776666973_0521c187] GET /api/v1/stats 200 0s 629B | IP: ::1
[2026-04-20T06:36:13Z] [INFO] [SYSTEM] [EVT_1776666973_a8ec15c5] GET /api/v1/queue/stats 200 0s 150B | IP: ::1
[2026-04-20T06:36:13Z] [INFO] [SYSTEM] [EVT_1776666973_1eb8fe46] GET /api/v1/agents 200 0s 49B | IP: ::1
[2026-04-20T06:37:13Z] [INFO] [SYSTEM] [EVT_1776667033_a7d0ca2f] GET /api/v1/stats 200 472.7µs 629B | IP: ::1
[2026-04-20T06:37:13Z] [INFO] [SYSTEM] [EVT_1776667033_705f6f06] GET /api/v1/queue/stats 200 0s 150B | IP: ::1
[2026-04-20T06:37:13Z] [INFO] [SYSTEM] [EVT_1776667033_0c334bbe] GET /api/v1/agents 200 0s 49B | IP: ::1
[2026-04-20T06:38:13Z] [INFO] [SYSTEM] [EVT_1776667093_d0081ba5] GET /api/v1/stats 200 0s 629B | IP: ::1
[2026-04-20T06:38:13Z] [INFO] [SYSTEM] [EVT_1776667093_3907a4bb] GET /api/v1/queue/stats 200 0s 150B | IP: ::1
[2026-04-20T06:38:13Z] [INFO] [SYSTEM] [EVT_1776667093_2c573f5e] GET /api/v1/agents 200 0s 49B | IP: ::1
[2026-04-20T06:39:13Z] [INFO] [SYSTEM] [EVT_1776667153_3b0555a7] GET /api/v1/stats 200 0s 629B | IP: ::1
[2026-04-20T06:39:13Z] [INFO] [SYSTEM] [EVT_1776667153_76523429] GET /api/v1/queue/stats 200 0s 150B | IP: ::1
[2026-04-20T06:39:13Z] [INFO] [SYSTEM] [EVT_1776667153_5999d548] GET /api/v1/agents 200 0s 49B | IP: ::1
[2026-04-20T06:40:13Z] [INFO] [SYSTEM] [EVT_1776667213_8896222b] GET /api/v1/stats 200 0s 629B | IP: ::1
[2026-04-20T06:40:13Z] [INFO] [SYSTEM] [EVT_1776667213_d3029710] GET /api/v1/queue/stats 200 0s 150B | IP: ::1
[2026-04-20T06:40:13Z] [INFO] [SYSTEM] [EVT_1776667213_7fb1e106] GET /api/v1/agents 200 0s 49B | IP: ::1
[2026-04-20T06:41:13Z] [INFO] [SYSTEM] [EVT_1776667273_58d7f9bc] GET /api/v1/stats 200 0s 629B | IP: ::1
[2026-04-20T06:41:13Z] [INFO] [SYSTEM] [EVT_1776667273_60b8b6d0] GET /api/v1/queue/stats 200 0s 150B | IP: ::1
[2026-04-20T06:41:13Z] [INFO] [SYSTEM] [EVT_1776667273_8c6c9eca] GET /api/v1/agents 200 0s 49B | IP: ::1
[2026-04-20T06:42:13Z] [INFO] [SYSTEM] [EVT_1776667333_4337440a] GET /api/v1/queue/stats 200 0s 150B | IP: ::1
[2026-04-20T06:42:13Z] [INFO] [SYSTEM] [EVT_1776667333_e12f9496] GET /api/v1/stats 200 2.7058ms 628B | IP: ::1
[2026-04-20T06:42:13Z] [INFO] [SYSTEM] [EVT_1776667333_48c29ceb] GET /api/v1/agents 200 0s 49B | IP: ::1
[2026-04-20T06:43:13Z] [INFO] [SYSTEM] [EVT_1776667393_43f9fb3d] GET /api/v1/stats 200 0s 629B | IP: ::1
[2026-04-20T06:43:13Z] [INFO] [SYSTEM] [EVT_1776667393_10039d88] GET /api/v1/queue/stats 200 0s 150B | IP: ::1
[2026-04-20T06:43:13Z] [INFO] [SYSTEM] [EVT_1776667393_76ca0fde] GET /api/v1/agents 200 0s 49B | IP: ::1
[2026-04-20T06:44:13Z] [INFO] [SYSTEM] [EVT_1776667453_a5df4b1e] GET /api/v1/stats 200 0s 629B | IP: ::1
[2026-04-20T06:44:13Z] [INFO] [SYSTEM] [EVT_1776667453_12c6f3a0] GET /api/v1/queue/stats 200 0s 150B | IP: ::1
[2026-04-20T06:44:13Z] [INFO] [SYSTEM] [EVT_1776667453_24803737] GET /api/v1/agents 200 0s 49B | IP: ::1
[2026-04-20T06:45:13Z] [INFO] [SYSTEM] [EVT_1776667513_7d6e85ff] GET /api/v1/stats 200 0s 629B | IP: ::1
[2026-04-20T06:45:13Z] [INFO] [SYSTEM] [EVT_1776667513_f0067962] GET /api/v1/queue/stats 200 0s 150B | IP: ::1
[2026-04-20T06:45:13Z] [INFO] [SYSTEM] [EVT_1776667513_58ff0b32] GET /api/v1/agents 200 0s 49B | IP: ::1
[2026-04-20T06:46:13Z] [INFO] [SYSTEM] [EVT_1776667573_7653206d] GET /api/v1/stats 200 0s 629B | IP: ::1
[2026-04-20T06:46:13Z] [INFO] [SYSTEM] [EVT_1776667573_fd73e852] GET /api/v1/queue/stats 200 0s 150B | IP: ::1
[2026-04-20T06:46:13Z] [INFO] [SYSTEM] [EVT_1776667573_00f257ab] GET /api/v1/agents 200 0s 49B | IP: ::1
[2026-04-20T06:47:13Z] [INFO] [SYSTEM] [EVT_1776667633_74d72070] GET /api/v1/stats 200 0s 629B | IP: ::1
[2026-04-20T06:47:13Z] [INFO] [SYSTEM] [EVT_1776667633_d928b972] GET /api/v1/queue/stats 200 0s 150B | IP: ::1
[2026-04-20T06:47:13Z] [INFO] [SYSTEM] [EVT_1776667633_95ae6128] GET /api/v1/agents 200 0s 49B | IP: ::1
[2026-04-20T06:48:13Z] [INFO] [SYSTEM] [EVT_1776667693_22772365] GET /api/v1/stats 200 0s 629B | IP: ::1
[2026-04-20T06:48:13Z] [INFO] [SYSTEM] [EVT_1776667693_51f92b40] GET /api/v1/queue/stats 200 0s 150B | IP: ::1
[2026-04-20T06:48:13Z] [INFO] [SYSTEM] [EVT_1776667693_a7d0dad3] GET /api/v1/agents 200 0s 49B | IP: ::1
[2026-04-20T06:49:13Z] [INFO] [SYSTEM] [EVT_1776667753_46755830] GET /api/v1/stats 200 0s 629B | IP: ::1
[2026-04-20T06:49:13Z] [INFO] [SYSTEM] [EVT_1776667753_98cc311c] GET /api/v1/queue/stats 200 527.1µs 150B | IP: ::1
[2026-04-20T06:49:13Z] [INFO] [SYSTEM] [EVT_1776667753_5032abea] GET /api/v1/agents 200 0s 49B | IP: ::1
[2026-04-20T06:50:13Z] [INFO] [SYSTEM] [EVT_1776667813_fa4b04e3] GET /api/v1/stats 200 1.5599ms 629B | IP: ::1
[2026-04-20T06:50:13Z] [INFO] [SYSTEM] [EVT_1776667813_39b9967e] GET /api/v1/queue/stats 200 0s 150B | IP: ::1
[2026-04-20T06:50:13Z] [INFO] [SYSTEM] [EVT_1776667813_d5dacbc9] GET /api/v1/agents 200 0s 49B | IP: ::1
[2026-04-20T06:51:13Z] [INFO] [SYSTEM] [EVT_1776667873_7f459f46] GET /api/v1/stats 200 0s 629B | IP: ::1
[2026-04-20T06:51:13Z] [INFO] [SYSTEM] [EVT_1776667873_6f15b49e] GET /api/v1/queue/stats 200 0s 150B | IP: ::1
[2026-04-20T06:51:13Z] [INFO] [SYSTEM] [EVT_1776667873_0c6a28a1] GET /api/v1/agents 200 0s 49B | IP: ::1
[2026-04-20T06:52:13Z] [INFO] [SYSTEM] [EVT_1776667933_955b5e1f] GET /api/v1/stats 200 1.6657ms 629B | IP: ::1
[2026-04-20T06:52:13Z] [INFO] [SYSTEM] [EVT_1776667933_3f90e668] GET /api/v1/queue/stats 200 0s 150B | IP: ::1
[2026-04-20T06:52:13Z] [INFO] [SYSTEM] [EVT_1776667933_717b0914] GET /api/v1/agents 200 0s 49B | IP: ::1
[2026-04-20T06:53:13Z] [INFO] [SYSTEM] [EVT_1776667993_160a4551] GET /api/v1/stats 200 0s 629B | IP: ::1
[2026-04-20T06:53:13Z] [INFO] [SYSTEM] [EVT_1776667993_6b7c7180] GET /api/v1/queue/stats 200 1.8001ms 150B | IP: ::1
[2026-04-20T06:53:13Z] [INFO] [SYSTEM] [EVT_1776667993_3478b155] GET /api/v1/agents 200 0s 49B | IP: ::1
[2026-04-20T06:54:13Z] [INFO] [SYSTEM] [EVT_1776668053_51d19731] GET /api/v1/stats 200 507.3µs 629B | IP: ::1
[2026-04-20T06:54:13Z] [INFO] [SYSTEM] [EVT_1776668053_9c1f256b] GET /api/v1/queue/stats 200 0s 150B | IP: ::1
[2026-04-20T06:54:13Z] [INFO] [SYSTEM] [EVT_1776668053_f95f7700] GET /api/v1/agents 200 0s 49B | IP: ::1
[2026-04-20T06:55:13Z] [INFO] [SYSTEM] [EVT_1776668113_262f1155] GET /api/v1/stats 200 0s 629B | IP: ::1
[2026-04-20T06:55:13Z] [INFO] [SYSTEM] [EVT_1776668113_154eba2e] GET /api/v1/queue/stats 200 0s 150B | IP: ::1
[2026-04-20T06:55:13Z] [INFO] [SYSTEM] [EVT_1776668113_3f14dd93] GET /api/v1/agents 200 0s 49B | IP: ::1
[2026-04-20T06:56:13Z] [INFO] [SYSTEM] [EVT_1776668173_9572f281] GET /api/v1/stats 200 0s 629B | IP: ::1
[2026-04-20T06:56:13Z] [INFO] [SYSTEM] [EVT_1776668173_c894434c] GET /api/v1/queue/stats 200 0s 150B | IP: ::1
[2026-04-20T06:56:13Z] [INFO] [SYSTEM] [EVT_1776668173_fa12e5f1] GET /api/v1/agents 200 0s 49B | IP: ::1
[2026-04-20T06:57:13Z] [INFO] [SYSTEM] [EVT_1776668233_600d61d6] GET /api/v1/stats 200 529.7µs 629B | IP: ::1
[2026-04-20T06:57:13Z] [INFO] [SYSTEM] [EVT_1776668233_ed4b611a] GET /api/v1/queue/stats 200 0s 150B | IP: ::1
[2026-04-20T06:57:13Z] [INFO] [SYSTEM] [EVT_1776668233_84af6524] GET /api/v1/agents 200 0s 49B | IP: ::1
[2026-04-20T06:58:13Z] [INFO] [SYSTEM] [EVT_1776668293_942e9566] GET /api/v1/stats 200 1.2823ms 629B | IP: ::1
[2026-04-20T06:58:13Z] [INFO] [SYSTEM] [EVT_1776668293_2798dd67] GET /api/v1/queue/stats 200 0s 150B | IP: ::1
[2026-04-20T06:58:13Z] [INFO] [SYSTEM] [EVT_1776668293_dfe59894] GET /api/v1/agents 200 0s 49B | IP: ::1
[2026-04-20T06:59:13Z] [INFO] [SYSTEM] [EVT_1776668353_c1a1c2eb] GET /api/v1/stats 200 0s 629B | IP: ::1
[2026-04-20T06:59:13Z] [INFO] [SYSTEM] [EVT_1776668353_801e9a69] GET /api/v1/queue/stats 200 677µs 150B | IP: ::1
[2026-04-20T06:59:13Z] [INFO] [SYSTEM] [EVT_1776668353_417ab440] GET /api/v1/agents 200 0s 49B | IP: ::1
[2026-04-20T07:00:13Z] [INFO] [SYSTEM] [EVT_1776668413_49388155] GET /api/v1/stats 200 0s 629B | IP: ::1
[2026-04-20T07:00:13Z] [INFO] [SYSTEM] [EVT_1776668413_09b4ecc0] GET /api/v1/queue/stats 200 0s 150B | IP: ::1
[2026-04-20T07:00:13Z] [INFO] [SYSTEM] [EVT_1776668413_65355afd] GET /api/v1/agents 200 0s 49B | IP: ::1
[2026-04-20T07:01:13Z] [INFO] [SYSTEM] [EVT_1776668473_62b4d64f] GET /api/v1/stats 200 0s 629B | IP: ::1
[2026-04-20T07:01:13Z] [INFO] [SYSTEM] [EVT_1776668473_e356c788] GET /api/v1/queue/stats 200 0s 150B | IP: ::1
[2026-04-20T07:01:13Z] [INFO] [SYSTEM] [EVT_1776668473_1a170d40] GET /api/v1/agents 200 0s 49B | IP: ::1
[2026-04-20T07:02:13Z] [INFO] [SYSTEM] [EVT_1776668533_c7daaa0f] GET /api/v1/stats 200 0s 629B | IP: ::1
[2026-04-20T07:02:13Z] [INFO] [SYSTEM] [EVT_1776668533_ac8b07cf] GET /api/v1/queue/stats 200 0s 150B | IP: ::1
[2026-04-20T07:02:13Z] [INFO] [SYSTEM] [EVT_1776668533_72b6e528] GET /api/v1/agents 200 0s 49B | IP: ::1
[2026-04-20T07:03:13Z] [INFO] [SYSTEM] [EVT_1776668593_de4f27d2] GET /api/v1/stats 200 524.4µs 629B | IP: ::1
[2026-04-20T07:03:13Z] [INFO] [SYSTEM] [EVT_1776668593_7f6d4ced] GET /api/v1/queue/stats 200 539.2µs 150B | IP: ::1
[2026-04-20T07:03:13Z] [INFO] [SYSTEM] [EVT_1776668593_f2257792] GET /api/v1/agents 200 0s 49B | IP: ::1
[2026-04-20T07:04:13Z] [INFO] [SYSTEM] [EVT_1776668653_35b2cd54] GET /api/v1/stats 200 0s 629B | IP: ::1
[2026-04-20T07:04:13Z] [INFO] [SYSTEM] [EVT_1776668653_e7ccd1ad] GET /api/v1/queue/stats 200 0s 150B | IP: ::1
[2026-04-20T07:04:13Z] [INFO] [SYSTEM] [EVT_1776668653_251df752] GET /api/v1/agents 200 0s 49B | IP: ::1
[2026-04-20T07:05:13Z] [INFO] [SYSTEM] [EVT_1776668713_6f3332b0] GET /api/v1/stats 200 1.4876ms 629B | IP: ::1
[2026-04-20T07:05:13Z] [INFO] [SYSTEM] [EVT_1776668713_d07f793a] GET /api/v1/queue/stats 200 0s 150B | IP: ::1
[2026-04-20T07:05:13Z] [INFO] [SYSTEM] [EVT_1776668713_6f870417] GET /api/v1/agents 200 0s 49B | IP: ::1
[2026-04-20T07:06:13Z] [INFO] [SYSTEM] [EVT_1776668773_90f3431e] GET /api/v1/stats 200 0s 628B | IP: ::1
[2026-04-20T07:06:13Z] [INFO] [SYSTEM] [EVT_1776668773_0f53032b] GET /api/v1/queue/stats 200 0s 150B | IP: ::1
[2026-04-20T07:06:13Z] [INFO] [SYSTEM] [EVT_1776668773_8adf6df1] GET /api/v1/agents 200 0s 49B | IP: ::1
[2026-04-20T07:07:13Z] [INFO] [SYSTEM] [EVT_1776668833_8282243c] GET /api/v1/stats 200 0s 629B | IP: ::1
[2026-04-20T07:07:13Z] [INFO] [SYSTEM] [EVT_1776668833_acf5feb5] GET /api/v1/queue/stats 200 0s 150B | IP: ::1
[2026-04-20T07:07:13Z] [INFO] [SYSTEM] [EVT_1776668833_e9e6ea1b] GET /api/v1/agents 200 0s 49B | IP: ::1
[2026-04-20T07:08:13Z] [INFO] [SYSTEM] [EVT_1776668893_6ccc3be4] GET /api/v1/stats 200 0s 629B | IP: ::1
[2026-04-20T07:08:13Z] [INFO] [SYSTEM] [EVT_1776668893_99047c4c] GET /api/v1/queue/stats 200 0s 150B | IP: ::1
[2026-04-20T07:08:13Z] [INFO] [SYSTEM] [EVT_1776668893_b4e4be65] GET /api/v1/agents 200 0s 49B | IP: ::1
[2026-04-20T07:09:13Z] [INFO] [SYSTEM] [EVT_1776668953_e099f31b] GET /api/v1/stats 200 1.5251ms 629B | IP: ::1
[2026-04-20T07:09:13Z] [INFO] [SYSTEM] [EVT_1776668953_21d82af3] GET /api/v1/queue/stats 200 0s 150B | IP: ::1
[2026-04-20T07:09:13Z] [INFO] [SYSTEM] [EVT_1776668953_b3ea919a] GET /api/v1/agents 200 0s 49B | IP: ::1
[2026-04-20T07:10:13Z] [INFO] [SYSTEM] [EVT_1776669013_90c870f0] GET /api/v1/stats 200 0s 629B | IP: ::1
[2026-04-20T07:10:13Z] [INFO] [SYSTEM] [EVT_1776669013_d99ed215] GET /api/v1/queue/stats 200 0s 150B | IP: ::1
[2026-04-20T07:10:13Z] [INFO] [SYSTEM] [EVT_1776669013_89c57c40] GET /api/v1/agents 200 0s 49B | IP: ::1
[2026-04-20T07:11:13Z] [INFO] [SYSTEM] [EVT_1776669073_bdf7d3d5] GET /api/v1/stats 200 536.8µs 628B | IP: ::1
[2026-04-20T07:11:13Z] [INFO] [SYSTEM] [EVT_1776669073_13cc5667] GET /api/v1/queue/stats 200 0s 150B | IP: ::1
[2026-04-20T07:11:13Z] [INFO] [SYSTEM] [EVT_1776669073_951dda85] GET /api/v1/agents 200 0s 49B | IP: ::1
[2026-04-20T07:12:13Z] [INFO] [SYSTEM] [EVT_1776669133_9078ae03] GET /api/v1/stats 200 0s 628B | IP: ::1
[2026-04-20T07:12:13Z] [INFO] [SYSTEM] [EVT_1776669133_ed4e309f] GET /api/v1/queue/stats 200 0s 150B | IP: ::1
[2026-04-20T07:12:13Z] [INFO] [SYSTEM] [EVT_1776669133_fb950146] GET /api/v1/agents 200 0s 49B | IP: ::1
[2026-04-20T07:13:13Z] [INFO] [SYSTEM] [EVT_1776669193_8eaa98d6] GET /api/v1/stats 200 0s 628B | IP: ::1
[2026-04-20T07:13:13Z] [INFO] [SYSTEM] [EVT_1776669193_916d0b49] GET /api/v1/queue/stats 200 0s 150B | IP: ::1
[2026-04-20T07:13:13Z] [INFO] [SYSTEM] [EVT_1776669193_f2a0ef34] GET /api/v1/agents 200 0s 49B | IP: ::1
[2026-04-20T07:14:13Z] [INFO] [SYSTEM] [EVT_1776669253_8313c14f] GET /api/v1/stats 200 0s 628B | IP: ::1
[2026-04-20T07:14:13Z] [INFO] [SYSTEM] [EVT_1776669253_36fef383] GET /api/v1/queue/stats 200 0s 150B | IP: ::1
[2026-04-20T07:14:13Z] [INFO] [SYSTEM] [EVT_1776669253_b3105af2] GET /api/v1/agents 200 620.3µs 49B | IP: ::1
[2026-04-20T07:15:13Z] [INFO] [SYSTEM] [EVT_1776669313_3e308e81] GET /api/v1/stats 200 0s 628B | IP: ::1
[2026-04-20T07:15:13Z] [INFO] [SYSTEM] [EVT_1776669313_c56946cd] GET /api/v1/queue/stats 200 0s 150B | IP: ::1
[2026-04-20T07:15:13Z] [INFO] [SYSTEM] [EVT_1776669313_611c08ae] GET /api/v1/agents 200 0s 49B | IP: ::1
[2026-04-20T07:16:13Z] [INFO] [SYSTEM] [EVT_1776669373_c98210e6] GET /api/v1/stats 200 0s 628B | IP: ::1
[2026-04-20T07:16:13Z] [INFO] [SYSTEM] [EVT_1776669373_7f95e82a] GET /api/v1/queue/stats 200 0s 150B | IP: ::1
[2026-04-20T07:16:13Z] [INFO] [SYSTEM] [EVT_1776669373_f5dfd498] GET /api/v1/agents 200 0s 49B | IP: ::1
[2026-04-20T07:17:13Z] [INFO] [SYSTEM] [EVT_1776669433_3edac71b] GET /api/v1/stats 200 0s 628B | IP: ::1
[2026-04-20T07:17:13Z] [INFO] [SYSTEM] [EVT_1776669433_c3446efa] GET /api/v1/queue/stats 200 0s 150B | IP: ::1
[2026-04-20T07:17:13Z] [INFO] [SYSTEM] [EVT_1776669433_eca7d34b] GET /api/v1/agents 200 0s 49B | IP: ::1
[2026-04-20T07:17:21Z] [INFO] [SYSTEM] [EVT_1776669441_7b25a54d] GET /api/v1/stats 200 1.771ms 628B | IP: ::1
[2026-04-20T07:17:21Z] [INFO] [SYSTEM] [EVT_1776669441_154c6ca4] GET /api/v1/agents 200 537.6µs 49B | IP: ::1
[2026-04-20T07:17:21Z] [INFO] [SYSTEM] [EVT_1776669441_e62b9e7c] GET /api/v1/queue/stats 200 537.6µs 150B | IP: ::1
[2026-04-20T07:17:26Z] [INFO] [SYSTEM] [EVT_1776669446_99764943] GET /api/v1/stats 200 0s 628B | IP: ::1
[2026-04-20T07:17:26Z] [INFO] [SYSTEM] [EVT_1776669446_23dc87cd] GET /api/v1/queue/stats 200 552.6µs 150B | IP: ::1
[2026-04-20T07:17:31Z] [INFO] [SYSTEM] [EVT_1776669451_feb41800] GET /api/v1/agents 200 507.1µs 49B | IP: ::1
[2026-04-20T09:44:49Z] [INFO] [SYSTEM] [EVT_1776678289_610351fb] Logger initialised
[2026-04-20T09:44:49Z] [INFO] [SYSTEM] [EVT_1776678289_bac752a3] Server started
[2026-04-20T09:45:02Z] [INFO] [SYSTEM] [EVT_1776678302_761ec798] Logger initialised
[2026-04-20T09:45:03Z] [INFO] [SYSTEM] [EVT_1776678303_90342190] Server started
[2026-04-20T09:45:19Z] [INFO] [SYSTEM] [EVT_1776678319_bd9a8aca] Dashboard accessed | IP: ::1
[2026-04-20T09:45:19Z] [INFO] [SYSTEM] [EVT_1776678319_785f2c22] GET / 200 134.5944ms 47470B | IP: ::1
[2026-04-20T09:45:19Z] [INFO] [SYSTEM] [EVT_1776678319_12b68857] GET /api/v1/queue/stats 200 22.9637ms 150B | IP: ::1
[2026-04-20T09:45:19Z] [INFO] [SYSTEM] [EVT_1776678319_1f1d4363] GET /api/v1/stats 200 20.5646ms 618B | IP: ::1
[2026-04-20T09:45:19Z] [INFO] [SYSTEM] [EVT_1776678319_1275101e] GET /api/v1/agents 200 19.6502ms 49B | IP: ::1
[2026-04-20T10:05:44Z] [INFO] [SYSTEM] [EVT_1776679544_04c83017] Logger initialised
[2026-04-20T10:05:44Z] [INFO] [SYSTEM] [EVT_1776679544_779c96cb] Server started
[2026-04-20T10:05:47Z] [INFO] [SYSTEM] [EVT_1776679547_988c5488] Dashboard accessed | IP: ::1
[2026-04-20T10:05:47Z] [INFO] [SYSTEM] [EVT_1776679547_fdba6089] GET / 200 12.9066ms 4853B | IP: ::1
[2026-04-20T10:05:48Z] [INFO] [SYSTEM] [EVT_1776679548_35633d94] GET /static/css/layout.css 200 227.6405ms 7720B | IP: ::1
[2026-04-20T10:05:48Z] [INFO] [SYSTEM] [EVT_1776679548_24494cbf] GET /static/css/base.css 200 232.5082ms 3547B | IP: ::1
[2026-04-20T10:05:48Z] [INFO] [SYSTEM] [EVT_1776679548_368047fb] GET /static/js/ui.js 200 172.4416ms 8451B | IP: ::1
[2026-04-20T10:05:48Z] [INFO] [SYSTEM] [EVT_1776679548_875e041a] GET /static/css/components.css 200 227.8762ms 21373B | IP: ::1
[2026-04-20T10:05:48Z] [INFO] [SYSTEM] [EVT_1776679548_39e0fe04] GET /static/css/variables.css 200 246.6505ms 3730B | IP: ::1
[2026-04-20T10:05:48Z] [INFO] [SYSTEM] [EVT_1776679548_15c70aa7] GET /static/js/api.js 200 173.182ms 3112B | IP: ::1
[2026-04-20T10:05:48Z] [INFO] [SYSTEM] [EVT_1776679548_64f8947e] GET /static/js/pages/overview.js 200 2.9663ms 9823B | IP: ::1
[2026-04-20T10:05:48Z] [INFO] [SYSTEM] [EVT_1776679548_f8a14405] GET /static/js/app.js 200 2.5254ms 6032B | IP: ::1
[2026-04-20T10:05:48Z] [INFO] [SYSTEM] [EVT_1776679548_6d89b9f6] GET /static/js/pages/commands.js 200 1.0855ms 10416B | IP: ::1
[2026-04-20T10:05:48Z] [INFO] [SYSTEM] [EVT_1776679548_46494859] GET /static/js/pages/agents.js 200 1.0461ms 17994B | IP: ::1
[2026-04-20T10:05:48Z] [INFO] [SYSTEM] [EVT_1776679548_59bd2c0e] GET /static/js/pages/logs.js 200 1.1189ms 9268B | IP: ::1
[2026-04-20T10:05:48Z] [INFO] [SYSTEM] [EVT_1776679548_e3b71c9f] GET /api/v1/health 200 9.9083ms 238B | IP: ::1
[2026-04-20T10:05:48Z] [INFO] [SYSTEM] [EVT_1776679548_53b6f433] GET /api/v1/stats 200 13.8232ms 620B | IP: ::1
[2026-04-20T10:05:48Z] [INFO] [SYSTEM] [EVT_1776679548_e6c480f6] GET /api/v1/health 200 542.6µs 238B | IP: ::1
[2026-04-20T10:05:48Z] [INFO] [SYSTEM] [EVT_1776679548_e6c56ea2] GET /api/v1/agents 200 518.6µs 49B | IP: ::1
[2026-04-20T10:05:48Z] [INFO] [SYSTEM] [EVT_1776679548_31975f9b] GET /static/js/ui.js 200 648µs 8451B | IP: ::1
[2026-04-20T10:05:48Z] [INFO] [SYSTEM] [EVT_1776679548_216c300f] GET /static/js/pages/overview.js 200 1.651ms 9823B | IP: ::1
[2026-04-20T10:05:49Z] [INFO] [SYSTEM] [EVT_1776679549_c3c440d8] GET /static/js/pages/commands.js 200 509.1µs 10416B | IP: ::1
[2026-04-20T10:05:49Z] [INFO] [SYSTEM] [EVT_1776679549_fafb4286] GET /static/js/pages/agents.js 200 2.5909ms 17994B | IP: ::1
[2026-04-20T10:05:51Z] [INFO] [SYSTEM] [EVT_1776679551_656fbfd1] GET /static/js/api.js 200 507.8µs 3112B | IP: ::1
[2026-04-20T10:05:52Z] [INFO] [SYSTEM] [EVT_1776679552_5c888ab8] GET /static/js/pages/logs.js 200 1.08ms 9268B | IP: ::1
[2026-04-20T10:05:52Z] [INFO] [SYSTEM] [EVT_1776679552_6eac2f7d] GET /static/js/app.js 200 515µs 6032B | IP: ::1
[2026-04-20T10:05:53Z] [INFO] [SYSTEM] [EVT_1776679553_8ed2cd47] GET /api/v1/agents 200 2.0096ms 49B | IP: ::1
[2026-04-20T10:05:55Z] [INFO] [SYSTEM] [EVT_1776679555_0e62e940] GET /api/v1/agents 200 0s 49B | IP: ::1
[2026-04-20T10:05:55Z] [INFO] [SYSTEM] [EVT_1776679555_ea3f58a0] GET /api/v1/queue/stats 200 391.9µs 150B | IP: ::1
[2026-04-20T10:05:57Z] [INFO] [SYSTEM] [EVT_1776679557_77719ed4] GET /api/v1/logs?count=100 200 4.7881ms 12980B | IP: ::1
[2026-04-20T10:06:03Z] [INFO] [SYSTEM] [EVT_1776679563_2324f9a8] GET /api/v1/health 200 606.8µs 239B | IP: ::1
[2026-04-20T10:06:03Z] [INFO] [SYSTEM] [EVT_1776679563_1a72e72c] GET /api/v1/agents 200 1.2863ms 49B | IP: ::1
[2026-04-20T10:06:19Z] [INFO] [SYSTEM] [EVT_1776679579_265507c2] GET /api/v1/health 200 1.4364ms 239B | IP: ::1
[2026-04-20T10:06:19Z] [INFO] [SYSTEM] [EVT_1776679579_66fcd135] GET /api/v1/agents 200 0s 49B | IP: ::1
[2026-04-20T10:06:34Z] [INFO] [SYSTEM] [EVT_1776679594_d76e1b42] GET /api/v1/health 200 835.9µs 239B | IP: ::1
[2026-04-20T10:06:34Z] [INFO] [SYSTEM] [EVT_1776679594_46b66cc4] GET /api/v1/agents 200 0s 49B | IP: ::1
[2026-04-20T10:06:49Z] [INFO] [SYSTEM] [EVT_1776679609_fce5ad50] GET /api/v1/health 200 1.6178ms 239B | IP: ::1
[2026-04-20T10:06:49Z] [INFO] [SYSTEM] [EVT_1776679609_81cb0f36] GET /api/v1/agents 200 0s 49B | IP: ::1
[2026-04-20T10:07:04Z] [INFO] [SYSTEM] [EVT_1776679624_1b02c16c] GET /api/v1/health 200 568.4µs 241B | IP: ::1
[2026-04-20T10:07:04Z] [INFO] [SYSTEM] [EVT_1776679624_61c87f0d] GET /api/v1/agents 200 0s 49B | IP: ::1
[2026-04-20T10:07:18Z] [INFO] [SYSTEM] [EVT_1776679638_fb01bea6] GET /api/v1/health 200 0s 241B | IP: ::1
[2026-04-20T10:07:18Z] [INFO] [SYSTEM] [EVT_1776679638_85198b1e] GET /api/v1/agents 200 0s 49B | IP: ::1
[2026-04-20T10:07:34Z] [INFO] [SYSTEM] [EVT_1776679654_b752cf9c] GET /api/v1/health 200 0s 241B | IP: ::1
[2026-04-20T10:07:34Z] [INFO] [SYSTEM] [EVT_1776679654_3a1c10a7] GET /api/v1/agents 200 0s 49B | IP: ::1
[2026-04-20T10:07:49Z] [INFO] [SYSTEM] [EVT_1776679669_c8a04632] GET /api/v1/health 200 4.383ms 240B | IP: ::1
[2026-04-20T10:07:49Z] [INFO] [SYSTEM] [EVT_1776679669_dac537df] GET /api/v1/agents 200 0s 49B | IP: ::1
[2026-04-20T10:08:03Z] [INFO] [SYSTEM] [EVT_1776679683_f419fc57] GET /api/v1/health 200 510.9µs 241B | IP: ::1
[2026-04-20T10:08:03Z] [INFO] [SYSTEM] [EVT_1776679683_a274f025] GET /api/v1/agents 200 0s 49B | IP: ::1
[2026-04-20T10:08:19Z] [INFO] [SYSTEM] [EVT_1776679699_ec28382e] GET /api/v1/health 200 0s 241B | IP: ::1
[2026-04-20T10:08:19Z] [INFO] [SYSTEM] [EVT_1776679699_74fb8312] GET /api/v1/agents 200 0s 49B | IP: ::1
[2026-04-20T10:08:34Z] [INFO] [SYSTEM] [EVT_1776679714_4410e637] GET /api/v1/health 200 971.5µs 241B | IP: ::1
[2026-04-20T10:08:34Z] [INFO] [SYSTEM] [EVT_1776679714_35896c37] GET /api/v1/agents 200 0s 49B | IP: ::1
[2026-04-20T10:08:48Z] [INFO] [SYSTEM] [EVT_1776679728_b1060153] GET /api/v1/health 200 1.1669ms 240B | IP: ::1
[2026-04-20T10:08:48Z] [INFO] [SYSTEM] [EVT_1776679728_5eae0b84] GET /api/v1/agents 200 651.7µs 49B | IP: ::1
[2026-04-20T10:09:03Z] [INFO] [SYSTEM] [EVT_1776679743_95c0d6eb] GET /api/v1/health 200 1.6537ms 241B | IP: ::1
[2026-04-20T10:09:03Z] [INFO] [SYSTEM] [EVT_1776679743_9ecdad32] GET /api/v1/agents 200 0s 49B | IP: ::1
[2026-04-20T10:09:18Z] [INFO] [SYSTEM] [EVT_1776679758_cf5a6180] GET /api/v1/health 200 720.5µs 241B | IP: ::1
[2026-04-20T10:09:18Z] [INFO] [SYSTEM] [EVT_1776679758_ad78c510] GET /api/v1/agents 200 0s 49B | IP: ::1
[2026-04-20T10:09:33Z] [INFO] [SYSTEM] [EVT_1776679773_c4a94bfc] GET /api/v1/health 200 494.9µs 241B | IP: ::1
[2026-04-20T10:09:33Z] [INFO] [SYSTEM] [EVT_1776679773_c50b9980] GET /api/v1/agents 200 0s 49B | IP: ::1
[2026-04-20T10:09:48Z] [INFO] [SYSTEM] [EVT_1776679788_b157f8bd] GET /api/v1/health 200 0s 238B | IP: ::1
[2026-04-20T10:09:48Z] [INFO] [SYSTEM] [EVT_1776679788_126e5530] GET /api/v1/agents 200 0s 49B | IP: ::1
[2026-04-20T10:10:03Z] [INFO] [SYSTEM] [EVT_1776679803_fd6e41a8] GET /api/v1/health 200 568.5µs 241B | IP: ::1
[2026-04-20T10:10:03Z] [INFO] [SYSTEM] [EVT_1776679803_bb2bdc3f] GET /api/v1/agents 200 0s 49B | IP: ::1
[2026-04-20T10:10:18Z] [INFO] [SYSTEM] [EVT_1776679818_30bc35a4] GET /api/v1/health 200 673.8µs 240B | IP: ::1
[2026-04-20T10:10:18Z] [INFO] [SYSTEM] [EVT_1776679818_94b1ee00] GET /api/v1/agents 200 0s 49B | IP: ::1
[2026-04-20T10:10:33Z] [INFO] [SYSTEM] [EVT_1776679833_eef2fe72] GET /api/v1/health 200 515.7µs 241B | IP: ::1
[2026-04-20T10:10:33Z] [INFO] [SYSTEM] [EVT_1776679833_36c220ee] GET /api/v1/agents 200 0s 49B | IP: ::1
[2026-04-20T10:10:48Z] [INFO] [SYSTEM] [EVT_1776679848_86308f49] GET /api/v1/health 200 0s 240B | IP: ::1
[2026-04-20T10:10:48Z] [INFO] [SYSTEM] [EVT_1776679848_d38d352e] GET /api/v1/agents 200 0s 49B | IP: ::1
[2026-04-20T10:11:03Z] [INFO] [SYSTEM] [EVT_1776679863_65f9729a] GET /api/v1/health 200 508.9µs 240B | IP: ::1
[2026-04-20T10:11:03Z] [INFO] [SYSTEM] [EVT_1776679863_60bc9023] GET /api/v1/agents 200 0s 49B | IP: ::1
[2026-04-20T10:11:18Z] [INFO] [SYSTEM] [EVT_1776679878_118c48eb] GET /api/v1/health 200 554.6µs 240B | IP: ::1
[2026-04-20T10:11:18Z] [INFO] [SYSTEM] [EVT_1776679878_4f460ca7] GET /api/v1/agents 200 0s 49B | IP: ::1
[2026-04-20T10:11:33Z] [INFO] [SYSTEM] [EVT_1776679893_a6364118] GET /api/v1/health 200 530.5µs 241B | IP: ::1
[2026-04-20T10:11:33Z] [INFO] [SYSTEM] [EVT_1776679893_1b4dd5e6] GET /api/v1/agents 200 1.2025ms 49B | IP: ::1
[2026-04-20T10:11:48Z] [INFO] [SYSTEM] [EVT_1776679908_793caa78] GET /api/v1/health 200 486.7µs 240B | IP: ::1
[2026-04-20T10:11:48Z] [INFO] [SYSTEM] [EVT_1776679908_c01aeaa1] GET /api/v1/agents 200 0s 49B | IP: ::1
[2026-04-20T10:12:03Z] [INFO] [SYSTEM] [EVT_1776679923_44d83608] GET /api/v1/health 200 815.3µs 241B | IP: ::1
[2026-04-20T10:12:03Z] [INFO] [SYSTEM] [EVT_1776679923_5e19e953] GET /api/v1/agents 200 0s 49B | IP: ::1
[2026-04-20T10:12:18Z] [INFO] [SYSTEM] [EVT_1776679938_9b4b8a33] GET /api/v1/health 200 509.8µs 241B | IP: ::1
[2026-04-20T10:12:18Z] [INFO] [SYSTEM] [EVT_1776679938_d4b124bd] GET /api/v1/agents 200 0s 49B | IP: ::1
[2026-04-20T10:12:33Z] [INFO] [SYSTEM] [EVT_1776679953_013023ea] GET /api/v1/health 200 0s 241B | IP: ::1
[2026-04-20T10:12:33Z] [INFO] [SYSTEM] [EVT_1776679953_dfbf8e76] GET /api/v1/agents 200 0s 49B | IP: ::1
[2026-04-20T10:12:48Z] [INFO] [SYSTEM] [EVT_1776679968_06217165] GET /api/v1/health 200 715.4µs 240B | IP: ::1
[2026-04-20T10:12:48Z] [INFO] [SYSTEM] [EVT_1776679968_ebf57d54] GET /api/v1/agents 200 0s 49B | IP: ::1
[2026-04-20T10:13:03Z] [INFO] [SYSTEM] [EVT_1776679983_8598d59b] GET /api/v1/health 200 1.8027ms 241B | IP: ::1
[2026-04-20T10:13:03Z] [INFO] [SYSTEM] [EVT_1776679983_b47534d9] GET /api/v1/agents 200 0s 49B | IP: ::1
[2026-04-20T10:13:18Z] [INFO] [SYSTEM] [EVT_1776679998_190c4503] GET /api/v1/health 200 2.7443ms 241B | IP: ::1
[2026-04-20T10:13:18Z] [INFO] [SYSTEM] [EVT_1776679998_67ee57ba] GET /api/v1/agents 200 0s 49B | IP: ::1
[2026-04-20T10:13:33Z] [INFO] [SYSTEM] [EVT_1776680013_72ca21b7] GET /api/v1/health 200 1.0458ms 241B | IP: ::1
[2026-04-20T10:13:33Z] [INFO] [SYSTEM] [EVT_1776680013_1675c18d] GET /api/v1/agents 200 0s 49B | IP: ::1
[2026-04-20T10:13:48Z] [INFO] [SYSTEM] [EVT_1776680028_141ba892] GET /api/v1/health 200 566.7µs 240B | IP: ::1
[2026-04-20T10:13:48Z] [INFO] [SYSTEM] [EVT_1776680028_1d6dfbd3] GET /api/v1/agents 200 0s 49B | IP: ::1
[2026-04-20T10:14:03Z] [INFO] [SYSTEM] [EVT_1776680043_9ef19de8] GET /api/v1/health 200 800.5µs 241B | IP: ::1
[2026-04-20T10:14:03Z] [INFO] [SYSTEM] [EVT_1776680043_8f7a8a66] GET /api/v1/agents 200 0s 49B | IP: ::1
[2026-04-20T10:14:19Z] [INFO] [SYSTEM] [EVT_1776680059_919c7edd] GET /api/v1/health 200 510.1µs 241B | IP: ::1
[2026-04-20T10:14:19Z] [INFO] [SYSTEM] [EVT_1776680059_c6c966b5] GET /api/v1/agents 200 1.5423ms 49B | IP: ::1
[2026-04-20T10:14:36Z] [INFO] [SYSTEM] [EVT_1776680076_afa6c48b] GET /api/v1/health 200 1.0705ms 240B | IP: ::1
[2026-04-20T10:14:36Z] [INFO] [SYSTEM] [EVT_1776680076_405350c7] GET /api/v1/agents 200 0s 49B | IP: ::1
[2026-04-20T10:17:49Z] [INFO] [SYSTEM] [EVT_1776680269_1998c003] GET /api/v1/health 200 54.6947ms 240B | IP: ::1
[2026-04-20T10:17:49Z] [INFO] [SYSTEM] [EVT_1776680269_931a4343] GET /api/v1/agents 200 1.7429ms 49B | IP: ::1
[2026-04-20T10:17:57Z] [INFO] [SYSTEM] [EVT_1776680277_08a5f281] Logger initialised
[2026-04-20T10:17:57Z] [INFO] [SYSTEM] [EVT_1776680277_eecdff80] Server started
[2026-04-20T10:18:04Z] [INFO] [SYSTEM] [EVT_1776680284_8eb121bc] GET /api/v1/health 200 2.142ms 238B | IP: ::1
[2026-04-20T10:18:04Z] [INFO] [SYSTEM] [EVT_1776680284_6963c0d3] GET /api/v1/agents 200 0s 49B | IP: ::1
[2026-04-20T10:18:04Z] [INFO] [SYSTEM] [EVT_1776680284_6b7275e4] Dashboard accessed | IP: ::1
[2026-04-20T10:18:04Z] [INFO] [SYSTEM] [EVT_1776680284_191116e8] GET / 200 27.3158ms 4853B | IP: ::1
[2026-04-20T10:18:04Z] [INFO] [SYSTEM] [EVT_1776680284_dd1b33b2] GET /static/css/base.css 304 9.2782ms -1B | IP: ::1
[2026-04-20T10:18:04Z] [INFO] [SYSTEM] [EVT_1776680284_f74b0a16] GET /static/css/variables.css 304 9.2782ms -1B | IP: ::1
[2026-04-20T10:18:04Z] [INFO] [SYSTEM] [EVT_1776680284_caa16417] GET /static/js/pages/overview.js 304 1.4025ms -1B | IP: ::1
[2026-04-20T10:18:04Z] [INFO] [SYSTEM] [EVT_1776680284_979c2312] GET /static/js/api.js 304 523.2µs -1B | IP: ::1
[2026-04-20T10:18:04Z] [INFO] [SYSTEM] [EVT_1776680284_b932cb35] GET /static/js/ui.js 304 0s -1B | IP: ::1
[2026-04-20T10:18:04Z] [INFO] [SYSTEM] [EVT_1776680284_77a56890] GET /static/css/components.css 304 0s -1B | IP: ::1
[2026-04-20T10:18:04Z] [INFO] [SYSTEM] [EVT_1776680284_267d20e3] GET /static/js/pages/agents.js 304 0s -1B | IP: ::1
[2026-04-20T10:18:04Z] [INFO] [SYSTEM] [EVT_1776680284_eaea6b9b] GET /static/js/pages/commands.js 304 505.6µs -1B | IP: ::1
[2026-04-20T10:18:04Z] [INFO] [SYSTEM] [EVT_1776680284_e4c9eca6] GET /static/js/pages/logs.js 304 2.6422ms -1B | IP: ::1
[2026-04-20T10:18:04Z] [INFO] [SYSTEM] [EVT_1776680284_73f73806] GET /static/js/app.js 304 1.3798ms -1B | IP: ::1
[2026-04-20T10:18:05Z] [INFO] [SYSTEM] [EVT_1776680285_bef670a3] GET /static/css/layout.css 200 306.6257ms 7788B | IP: ::1
[2026-04-20T10:18:05Z] [INFO] [SYSTEM] [EVT_1776680285_610d3a58] GET /api/v1/health 200 1.6245ms 238B | IP: ::1
[2026-04-20T10:18:05Z] [INFO] [SYSTEM] [EVT_1776680285_f2f6c7c3] GET /api/v1/logs?count=100 200 29.3468ms 7692B | IP: ::1
[2026-04-20T10:18:05Z] [INFO] [SYSTEM] [EVT_1776680285_9d23cd96] GET /static/js/pages/overview.js 304 511.9µs -1B | IP: ::1
[2026-04-20T10:18:05Z] [INFO] [SYSTEM] [EVT_1776680285_e5d2cd93] GET /static/js/api.js 304 0s -1B | IP: ::1
[2026-04-20T10:18:05Z] [INFO] [SYSTEM] [EVT_1776680285_4d58f1a1] GET /static/js/ui.js 304 1.0136ms -1B | IP: ::1
[2026-04-20T10:18:05Z] [INFO] [SYSTEM] [EVT_1776680285_1e52f955] GET /api/v1/agents 200 0s 49B | IP: ::1
[2026-04-20T10:18:05Z] [INFO] [SYSTEM] [EVT_1776680285_b77bf29e] GET /static/js/pages/agents.js 304 684.9µs -1B | IP: ::1
[2026-04-20T10:18:05Z] [INFO] [SYSTEM] [EVT_1776680285_2338f22a] GET /static/js/pages/commands.js 304 0s -1B | IP: ::1
[2026-04-20T10:18:05Z] [INFO] [SYSTEM] [EVT_1776680285_d6b4d9c5] GET /static/js/pages/logs.js 304 639.9µs -1B | IP: ::1
[2026-04-20T10:18:05Z] [INFO] [SYSTEM] [EVT_1776680285_ee37e4c6] GET /static/js/app.js 304 0s -1B | IP: ::1
[2026-04-20T10:18:09Z] [INFO] [SYSTEM] [EVT_1776680289_546087a7] GET /api/v1/agents 200 0s 49B | IP: ::1
[2026-04-20T10:18:11Z] [INFO] [SYSTEM] [EVT_1776680291_b10fb8d8] GET /api/v1/queue/stats 200 1.5213ms 150B | IP: ::1
[2026-04-20T10:18:11Z] [INFO] [SYSTEM] [EVT_1776680291_a3e1cb36] GET /api/v1/agents 200 1.5048ms 49B | IP: ::1
[2026-04-20T10:18:20Z] [INFO] [SYSTEM] [EVT_1776680300_4094e907] GET /api/v1/health 200 1.5468ms 239B | IP: ::1
[2026-04-20T10:18:20Z] [INFO] [SYSTEM] [EVT_1776680300_4419f60d] GET /api/v1/agents 200 0s 49B | IP: ::1
[2026-04-20T10:18:32Z] [INFO] [SYSTEM] [EVT_1776680312_965d0a6d] GET /api/v1/health 200 4.6071ms 239B | IP: ::1
[2026-04-20T10:18:32Z] [INFO] [SYSTEM] [EVT_1776680312_9e3f535f] GET /api/v1/stats 200 7.672ms 621B | IP: ::1
[2026-04-20T10:18:35Z] [INFO] [SYSTEM] [EVT_1776680315_5c876432] GET /api/v1/health 200 1.2553ms 239B | IP: ::1
[2026-04-20T10:18:35Z] [INFO] [SYSTEM] [EVT_1776680315_6495555c] GET /api/v1/agents 200 0s 49B | IP: ::1
[2026-04-20T10:18:43Z] [INFO] [SYSTEM] [EVT_1776680323_0e9c3660] Dashboard accessed | IP: ::1
[2026-04-20T10:18:43Z] [INFO] [SYSTEM] [EVT_1776680323_c46f2fe3] GET / 200 15.1014ms 4853B | IP: ::1
[2026-04-20T10:18:43Z] [INFO] [SYSTEM] [EVT_1776680323_adef9e41] GET /static/css/layout.css 304 509.8µs -1B | IP: ::1
[2026-04-20T10:18:43Z] [INFO] [SYSTEM] [EVT_1776680323_abaa598e] GET /api/v1/stats 200 0s 621B | IP: ::1
[2026-04-20T10:18:43Z] [INFO] [SYSTEM] [EVT_1776680323_4ee07afc] GET /api/v1/health 200 1.5158ms 239B | IP: ::1
[2026-04-20T10:18:43Z] [INFO] [SYSTEM] [EVT_1776680323_85e84bef] GET /api/v1/health 200 0s 239B | IP: ::1
[2026-04-20T10:18:43Z] [INFO] [SYSTEM] [EVT_1776680323_f672e246] GET /api/v1/agents 200 0s 49B | IP: ::1
[2026-04-20T10:18:45Z] [INFO] [SYSTEM] [EVT_1776680325_54dd97ec] GET /api/v1/agents 200 0s 49B | IP: ::1
[2026-04-20T10:18:46Z] [INFO] [SYSTEM] [EVT_1776680326_507c9041] GET /api/v1/queue/stats 200 1.0006ms 150B | IP: ::1
[2026-04-20T10:18:46Z] [INFO] [SYSTEM] [EVT_1776680326_3abe0797] GET /api/v1/agents 200 0s 49B | IP: ::1
[2026-04-20T10:18:47Z] [INFO] [SYSTEM] [EVT_1776680327_46667aef] GET /api/v1/logs?count=100 200 1.7891ms 20395B | IP: ::1
[2026-04-20T10:18:58Z] [INFO] [SYSTEM] [EVT_1776680338_61dc07bb] GET /api/v1/health 200 506.5µs 240B | IP: ::1
[2026-04-20T10:18:58Z] [INFO] [SYSTEM] [EVT_1776680338_f0c06fba] GET /api/v1/agents 200 0s 49B | IP: ::1
[2026-04-20T10:19:14Z] [INFO] [SYSTEM] [EVT_1776680354_61e6accb] GET /api/v1/health 200 1.7472ms 241B | IP: ::1
[2026-04-20T10:19:14Z] [INFO] [SYSTEM] [EVT_1776680354_7b0a84bf] GET /api/v1/agents 200 560.5µs 49B | IP: ::1
[2026-04-20T10:19:29Z] [INFO] [SYSTEM] [EVT_1776680369_7e03c242] GET /api/v1/health 200 585.3µs 241B | IP: ::1
[2026-04-20T10:19:29Z] [INFO] [SYSTEM] [EVT_1776680369_d8755daa] GET /api/v1/agents 200 0s 49B | IP: ::1
[2026-04-20T10:19:44Z] [INFO] [SYSTEM] [EVT_1776680384_ca5d2224] GET /api/v1/health 200 531.7µs 241B | IP: ::1
[2026-04-20T10:19:44Z] [INFO] [SYSTEM] [EVT_1776680384_2f9f53a7] GET /api/v1/agents 200 0s 49B | IP: ::1
[2026-04-20T10:19:59Z] [INFO] [SYSTEM] [EVT_1776680399_5e8b12a0] GET /api/v1/health 200 589.8µs 240B | IP: ::1
[2026-04-20T10:19:59Z] [INFO] [SYSTEM] [EVT_1776680399_61ba320f] GET /api/v1/agents 200 0s 49B | IP: ::1
[2026-04-20T10:20:14Z] [INFO] [SYSTEM] [EVT_1776680414_5ebfe9ca] GET /api/v1/health 200 698.9µs 241B | IP: ::1
[2026-04-20T10:20:14Z] [INFO] [SYSTEM] [EVT_1776680414_86cc4a88] GET /api/v1/agents 200 982.8µs 49B | IP: ::1
[2026-04-20T10:21:13Z] [INFO] [SYSTEM] [EVT_1776680473_a0afc815] GET /api/v1/health 200 1.4937ms 241B | IP: ::1
[2026-04-20T10:21:13Z] [INFO] [SYSTEM] [EVT_1776680473_8d86bab8] GET /api/v1/agents 200 0s 49B | IP: ::1
[2026-04-20T10:22:13Z] [INFO] [SYSTEM] [EVT_1776680533_5e09e4e2] GET /api/v1/health 200 4.8167ms 241B | IP: ::1
[2026-04-20T10:22:13Z] [INFO] [SYSTEM] [EVT_1776680533_0080e186] GET /api/v1/agents 200 0s 49B | IP: ::1
[2026-04-20T10:23:13Z] [INFO] [SYSTEM] [EVT_1776680593_3639f4b8] GET /api/v1/health 200 2.8201ms 241B | IP: ::1
[2026-04-20T10:23:13Z] [INFO] [SYSTEM] [EVT_1776680593_ef76a73a] GET /api/v1/agents 200 0s 49B | IP: ::1
[2026-04-20T10:24:13Z] [INFO] [SYSTEM] [EVT_1776680653_3679bf3a] GET /api/v1/health 200 1.2216ms 241B | IP: ::1
[2026-04-20T10:24:13Z] [INFO] [SYSTEM] [EVT_1776680653_35acbb67] GET /api/v1/agents 200 0s 49B | IP: ::1
[2026-04-20T10:25:13Z] [INFO] [SYSTEM] [EVT_1776680713_f7c516a7] GET /api/v1/health 200 3.5516ms 241B | IP: ::1
[2026-04-20T10:25:13Z] [INFO] [SYSTEM] [EVT_1776680713_b33375d2] GET /api/v1/agents 200 0s 49B | IP: ::1
[2026-04-20T10:26:13Z] [INFO] [SYSTEM] [EVT_1776680773_860216b9] GET /api/v1/health 200 1.3313ms 241B | IP: ::1
[2026-04-20T10:26:13Z] [INFO] [SYSTEM] [EVT_1776680773_7019007a] GET /api/v1/agents 200 0s 49B | IP: ::1
[2026-04-20T10:27:13Z] [INFO] [SYSTEM] [EVT_1776680833_8eab0a95] GET /api/v1/health 200 3.1689ms 241B | IP: ::1
[2026-04-20T10:27:13Z] [INFO] [SYSTEM] [EVT_1776680833_016cefa4] GET /api/v1/agents 200 0s 49B | IP: ::1
[2026-04-20T10:28:13Z] [INFO] [SYSTEM] [EVT_1776680893_c1d7a74a] GET /api/v1/health 200 2.0071ms 241B | IP: ::1
[2026-04-20T10:28:13Z] [INFO] [SYSTEM] [EVT_1776680893_eac6f548] GET /api/v1/agents 200 0s 49B | IP: ::1
[2026-04-20T10:29:13Z] [INFO] [SYSTEM] [EVT_1776680953_b207a4e1] GET /api/v1/health 200 558.1µs 242B | IP: ::1
[2026-04-20T10:29:13Z] [INFO] [SYSTEM] [EVT_1776680953_dd214d9c] GET /api/v1/agents 200 0s 49B | IP: ::1
[2026-04-20T10:30:13Z] [INFO] [SYSTEM] [EVT_1776681013_8d8facfc] GET /api/v1/health 200 1.9932ms 242B | IP: ::1
[2026-04-20T10:30:13Z] [INFO] [SYSTEM] [EVT_1776681013_94a0bd92] GET /api/v1/agents 200 1.0311ms 49B | IP: ::1
[2026-04-20T10:30:28Z] [INFO] [SYSTEM] [EVT_1776681028_43fc7c70] GET /api/v1/health 200 1.3346ms 242B | IP: ::1
[2026-04-20T10:30:28Z] [INFO] [SYSTEM] [EVT_1776681028_1b6bd60e] GET /api/v1/agents 200 0s 49B | IP: ::1
[2026-04-20T10:30:43Z] [INFO] [SYSTEM] [EVT_1776681043_43670ce9] GET /api/v1/health 200 781.6µs 242B | IP: ::1
[2026-04-20T10:30:43Z] [INFO] [SYSTEM] [EVT_1776681043_b5c327a1] GET /api/v1/agents 200 0s 49B | IP: ::1
[2026-04-20T10:30:59Z] [INFO] [SYSTEM] [EVT_1776681059_387e6928] GET /api/v1/health 200 5.2266ms 241B | IP: ::1
[2026-04-20T10:30:59Z] [INFO] [SYSTEM] [EVT_1776681059_82624409] GET /api/v1/agents 200 0s 49B | IP: ::1
